[      83ms] [INFO] %cDownload the React DevTools for a better development experience: https://react.dev/link/react-devtools font-weight:bold @ http://localhost:5181/app/node_modules/.vite/deps/react-dom_client.js?v=471963db:20102
[  141301ms] [INFO] %cDownload the React DevTools for a better development experience: https://react.dev/link/react-devtools font-weight:bold @ http://localhost:5181/app/node_modules/.vite/deps/react-dom_client.js?v=471963db:20102
[  241568ms] TypeError: this.setAttribute is not a function
    at http://localhost:5181/app/node_modules/.vite/deps/chunk-VL3IZ2Q5.js?v=471963db:1823:10
    at Selection.each_default [as each] (http://localhost:5181/app/node_modules/.vite/deps/chunk-VL3IZ2Q5.js?v=471963db:1804:38)
    at Selection.attr_default [as attr] (http://localhost:5181/app/node_modules/.vite/deps/chunk-VL3IZ2Q5.js?v=471963db:1851:15)
    at SVGGElement.<anonymous> (http://localhost:5181/app/src/views/BoxLineView.tsx?t=1779302292349:156:50)
    at Dispatch.call (http://localhost:5181/app/node_modules/.vite/deps/chunk-VL3IZ2Q5.js?v=471963db:1410:73)
    at Object.gesture [as mouse] (http://localhost:5181/app/node_modules/.vite/deps/chunk-VL3IZ2Q5.js?v=471963db:2473:17)
    at mousemoved (http://localhost:5181/app/node_modules/.vite/deps/chunk-VL3IZ2Q5.js?v=471963db:2405:14)
    at http://localhost:5181/app/node_modules/.vite/deps/chunk-VL3IZ2Q5.js?v=471963db:2072:14
[  241576ms] TypeError: this.setAttribute is not a function
    at http://localhost:5181/app/node_modules/.vite/deps/chunk-VL3IZ2Q5.js?v=471963db:1823:10
    at Selection.each_default [as each] (http://localhost:5181/app/node_modules/.vite/deps/chunk-VL3IZ2Q5.js?v=471963db:1804:38)
    at Selection.attr_default [as attr] (http://localhost:5181/app/node_modules/.vite/deps/chunk-VL3IZ2Q5.js?v=471963db:1851:15)
    at SVGGElement.<anonymous> (http://localhost:5181/app/src/views/BoxLineView.tsx?t=1779302292349:156:50)
    at Dispatch.call (http://localhost:5181/app/node_modules/.vite/deps/chunk-VL3IZ2Q5.js?v=471963db:1410:73)
    at Object.gesture [as mouse] (http://localhost:5181/app/node_modules/.vite/deps/chunk-VL3IZ2Q5.js?v=471963db:2473:17)
    at mousemoved (http://localhost:5181/app/node_modules/.vite/deps/chunk-VL3IZ2Q5.js?v=471963db:2405:14)
    at http://localhost:5181/app/node_modules/.vite/deps/chunk-VL3IZ2Q5.js?v=471963db:2072:14
[  241585ms] TypeError: this.setAttribute is not a function
    at http://localhost:5181/app/node_modules/.vite/deps/chunk-VL3IZ2Q5.js?v=471963db:1823:10
    at Selection.each_default [as each] (http://localhost:5181/app/node_modules/.vite/deps/chunk-VL3IZ2Q5.js?v=471963db:1804:38)
    at Selection.attr_default [as attr] (http://localhost:5181/app/node_modules/.vite/deps/chunk-VL3IZ2Q5.js?v=471963db:1851:15)
    at SVGGElement.<anonymous> (http://localhost:5181/app/src/views/BoxLineView.tsx?t=1779302292349:156:50)
    at Dispatch.call (http://localhost:5181/app/node_modules/.vite/deps/chunk-VL3IZ2Q5.js?v=471963db:1410:73)
    at Object.gesture [as mouse] (http://localhost:5181/app/node_modules/.vite/deps/chunk-VL3IZ2Q5.js?v=471963db:2473:17)
    at mousemoved (http://localhost:5181/app/node_modules/.vite/deps/chunk-VL3IZ2Q5.js?v=471963db:2405:14)
    at http://localhost:5181/app/node_modules/.vite/deps/chunk-VL3IZ2Q5.js?v=471963db:2072:14
[  241593ms] TypeError: this.setAttribute is not a function
    at http://localhost:5181/app/node_modules/.vite/deps/chunk-VL3IZ2Q5.js?v=471963db:1823:10
    at Selection.each_default [as each] (http://localhost:5181/app/node_modules/.vite/deps/chunk-VL3IZ2Q5.js?v=471963db:1804:38)
    at Selection.attr_default [as attr] (http://localhost:5181/app/node_modules/.vite/deps/chunk-VL3IZ2Q5.js?v=471963db:1851:15)
    at SVGGElement.<anonymous> (http://localhost:5181/app/src/views/BoxLineView.tsx?t=1779302292349:156:50)
    at Dispatch.call (http://localhost:5181/app/node_modules/.vite/deps/chunk-VL3IZ2Q5.js?v=471963db:1410:73)
    at Object.gesture [as mouse] (http://localhost:5181/app/node_modules/.vite/deps/chunk-VL3IZ2Q5.js?v=471963db:2473:17)
    at mousemoved (http://localhost:5181/app/node_modules/.vite/deps/chunk-VL3IZ2Q5.js?v=471963db:2405:14)
    at http://localhost:5181/app/node_modules/.vite/deps/chunk-VL3IZ2Q5.js?v=471963db:2072:14
[  241601ms] TypeError: this.setAttribute is not a function
    at http://localhost:5181/app/node_modules/.vite/deps/chunk-VL3IZ2Q5.js?v=471963db:1823:10
    at Selection.each_default [as each] (http://localhost:5181/app/node_modules/.vite/deps/chunk-VL3IZ2Q5.js?v=471963db:1804:38)
    at Selection.attr_default [as attr] (http://localhost:5181/app/node_modules/.vite/deps/chunk-VL3IZ2Q5.js?v=471963db:1851:15)
    at SVGGElement.<anonymous> (http://localhost:5181/app/src/views/BoxLineView.tsx?t=1779302292349:156:50)
    at Dispatch.call (http://localhost:5181/app/node_modules/.vite/deps/chunk-VL3IZ2Q5.js?v=471963db:1410:73)
    at Object.gesture [as mouse] (http://localhost:5181/app/node_modules/.vite/deps/chunk-VL3IZ2Q5.js?v=471963db:2473:17)
    at mousemoved (http://localhost:5181/app/node_modules/.vite/deps/chunk-VL3IZ2Q5.js?v=471963db:2405:14)
    at http://localhost:5181/app/node_modules/.vite/deps/chunk-VL3IZ2Q5.js?v=471963db:2072:14
[  241610ms] TypeError: this.setAttribute is not a function
    at http://localhost:5181/app/node_modules/.vite/deps/chunk-VL3IZ2Q5.js?v=471963db:1823:10
    at Selection.each_default [as each] (http://localhost:5181/app/node_modules/.vite/deps/chunk-VL3IZ2Q5.js?v=471963db:1804:38)
    at Selection.attr_default [as attr] (http://localhost:5181/app/node_modules/.vite/deps/chunk-VL3IZ2Q5.js?v=471963db:1851:15)
    at SVGGElement.<anonymous> (http://localhost:5181/app/src/views/BoxLineView.tsx?t=1779302292349:156:50)
    at Dispatch.call (http://localhost:5181/app/node_modules/.vite/deps/chunk-VL3IZ2Q5.js?v=471963db:1410:73)
    at Object.gesture [as mouse] (http://localhost:5181/app/node_modules/.vite/deps/chunk-VL3IZ2Q5.js?v=471963db:2473:17)
    at mousemoved (http://localhost:5181/app/node_modules/.vite/deps/chunk-VL3IZ2Q5.js?v=471963db:2405:14)
    at http://localhost:5181/app/node_modules/.vite/deps/chunk-VL3IZ2Q5.js?v=471963db:2072:14
[  241618ms] TypeError: this.setAttribute is not a function
    at http://localhost:5181/app/node_modules/.vite/deps/chunk-VL3IZ2Q5.js?v=471963db:1823:10
    at Selection.each_default [as each] (http://localhost:5181/app/node_modules/.vite/deps/chunk-VL3IZ2Q5.js?v=471963db:1804:38)
    at Selection.attr_default [as attr] (http://localhost:5181/app/node_modules/.vite/deps/chunk-VL3IZ2Q5.js?v=471963db:1851:15)
    at SVGGElement.<anonymous> (http://localhost:5181/app/src/views/BoxLineView.tsx?t=1779302292349:156:50)
    at Dispatch.call (http://localhost:5181/app/node_modules/.vite/deps/chunk-VL3IZ2Q5.js?v=471963db:1410:73)
    at Object.gesture [as mouse] (http://localhost:5181/app/node_modules/.vite/deps/chunk-VL3IZ2Q5.js?v=471963db:2473:17)
    at mousemoved (http://localhost:5181/app/node_modules/.vite/deps/chunk-VL3IZ2Q5.js?v=471963db:2405:14)
    at http://localhost:5181/app/node_modules/.vite/deps/chunk-VL3IZ2Q5.js?v=471963db:2072:14
[  241626ms] TypeError: this.setAttribute is not a function
    at http://localhost:5181/app/node_modules/.vite/deps/chunk-VL3IZ2Q5.js?v=471963db:1823:10
    at Selection.each_default [as each] (http://localhost:5181/app/node_modules/.vite/deps/chunk-VL3IZ2Q5.js?v=471963db:1804:38)
    at Selection.attr_default [as attr] (http://localhost:5181/app/node_modules/.vite/deps/chunk-VL3IZ2Q5.js?v=471963db:1851:15)
    at SVGGElement.<anonymous> (http://localhost:5181/app/src/views/BoxLineView.tsx?t=1779302292349:156:50)
    at Dispatch.call (http://localhost:5181/app/node_modules/.vite/deps/chunk-VL3IZ2Q5.js?v=471963db:1410:73)
    at Object.gesture [as mouse] (http://localhost:5181/app/node_modules/.vite/deps/chunk-VL3IZ2Q5.js?v=471963db:2473:17)
    at mousemoved (http://localhost:5181/app/node_modules/.vite/deps/chunk-VL3IZ2Q5.js?v=471963db:2405:14)
    at http://localhost:5181/app/node_modules/.vite/deps/chunk-VL3IZ2Q5.js?v=471963db:2072:14
[  241635ms] TypeError: this.setAttribute is not a function
    at http://localhost:5181/app/node_modules/.vite/deps/chunk-VL3IZ2Q5.js?v=471963db:1823:10
    at Selection.each_default [as each] (http://localhost:5181/app/node_modules/.vite/deps/chunk-VL3IZ2Q5.js?v=471963db:1804:38)
    at Selection.attr_default [as attr] (http://localhost:5181/app/node_modules/.vite/deps/chunk-VL3IZ2Q5.js?v=471963db:1851:15)
    at SVGGElement.<anonymous> (http://localhost:5181/app/src/views/BoxLineView.tsx?t=1779302292349:156:50)
    at Dispatch.call (http://localhost:5181/app/node_modules/.vite/deps/chunk-VL3IZ2Q5.js?v=471963db:1410:73)
    at Object.gesture [as mouse] (http://localhost:5181/app/node_modules/.vite/deps/chunk-VL3IZ2Q5.js?v=471963db:2473:17)
    at mousemoved (http://localhost:5181/app/node_modules/.vite/deps/chunk-VL3IZ2Q5.js?v=471963db:2405:14)
    at http://localhost:5181/app/node_modules/.vite/deps/chunk-VL3IZ2Q5.js?v=471963db:2072:14
[  241643ms] TypeError: this.setAttribute is not a function
    at http://localhost:5181/app/node_modules/.vite/deps/chunk-VL3IZ2Q5.js?v=471963db:1823:10
    at Selection.each_default [as each] (http://localhost:5181/app/node_modules/.vite/deps/chunk-VL3IZ2Q5.js?v=471963db:1804:38)
    at Selection.attr_default [as attr] (http://localhost:5181/app/node_modules/.vite/deps/chunk-VL3IZ2Q5.js?v=471963db:1851:15)
    at SVGGElement.<anonymous> (http://localhost:5181/app/src/views/BoxLineView.tsx?t=1779302292349:156:50)
    at Dispatch.call (http://localhost:5181/app/node_modules/.vite/deps/chunk-VL3IZ2Q5.js?v=471963db:1410:73)
    at Object.gesture [as mouse] (http://localhost:5181/app/node_modules/.vite/deps/chunk-VL3IZ2Q5.js?v=471963db:2473:17)
    at mousemoved (http://localhost:5181/app/node_modules/.vite/deps/chunk-VL3IZ2Q5.js?v=471963db:2405:14)
    at http://localhost:5181/app/node_modules/.vite/deps/chunk-VL3IZ2Q5.js?v=471963db:2072:14
[  241651ms] TypeError: this.setAttribute is not a function
    at http://localhost:5181/app/node_modules/.vite/deps/chunk-VL3IZ2Q5.js?v=471963db:1823:10
    at Selection.each_default [as each] (http://localhost:5181/app/node_modules/.vite/deps/chunk-VL3IZ2Q5.js?v=471963db:1804:38)
    at Selection.attr_default [as attr] (http://localhost:5181/app/node_modules/.vite/deps/chunk-VL3IZ2Q5.js?v=471963db:1851:15)
    at SVGGElement.<anonymous> (http://localhost:5181/app/src/views/BoxLineView.tsx?t=1779302292349:156:50)
    at Dispatch.call (http://localhost:5181/app/node_modules/.vite/deps/chunk-VL3IZ2Q5.js?v=471963db:1410:73)
    at Object.gesture [as mouse] (http://localhost:5181/app/node_modules/.vite/deps/chunk-VL3IZ2Q5.js?v=471963db:2473:17)
    at mousemoved (http://localhost:5181/app/node_modules/.vite/deps/chunk-VL3IZ2Q5.js?v=471963db:2405:14)
    at http://localhost:5181/app/node_modules/.vite/deps/chunk-VL3IZ2Q5.js?v=471963db:2072:14
[  241662ms] TypeError: this.setAttribute is not a function
    at http://localhost:5181/app/node_modules/.vite/deps/chunk-VL3IZ2Q5.js?v=471963db:1823:10
    at Selection.each_default [as each] (http://localhost:5181/app/node_modules/.vite/deps/chunk-VL3IZ2Q5.js?v=471963db:1804:38)
    at Selection.attr_default [as attr] (http://localhost:5181/app/node_modules/.vite/deps/chunk-VL3IZ2Q5.js?v=471963db:1851:15)
    at SVGGElement.<anonymous> (http://localhost:5181/app/src/views/BoxLineView.tsx?t=1779302292349:156:50)
    at Dispatch.call (http://localhost:5181/app/node_modules/.vite/deps/chunk-VL3IZ2Q5.js?v=471963db:1410:73)
    at Object.gesture [as mouse] (http://localhost:5181/app/node_modules/.vite/deps/chunk-VL3IZ2Q5.js?v=471963db:2473:17)
    at mousemoved (http://localhost:5181/app/node_modules/.vite/deps/chunk-VL3IZ2Q5.js?v=471963db:2405:14)
    at http://localhost:5181/app/node_modules/.vite/deps/chunk-VL3IZ2Q5.js?v=471963db:2072:14
[  241676ms] TypeError: this.setAttribute is not a function
    at http://localhost:5181/app/node_modules/.vite/deps/chunk-VL3IZ2Q5.js?v=471963db:1823:10
    at Selection.each_default [as each] (http://localhost:5181/app/node_modules/.vite/deps/chunk-VL3IZ2Q5.js?v=471963db:1804:38)
    at Selection.attr_default [as attr] (http://localhost:5181/app/node_modules/.vite/deps/chunk-VL3IZ2Q5.js?v=471963db:1851:15)
    at SVGGElement.<anonymous> (http://localhost:5181/app/src/views/BoxLineView.tsx?t=1779302292349:156:50)
    at Dispatch.call (http://localhost:5181/app/node_modules/.vite/deps/chunk-VL3IZ2Q5.js?v=471963db:1410:73)
    at Object.gesture [as mouse] (http://localhost:5181/app/node_modules/.vite/deps/chunk-VL3IZ2Q5.js?v=471963db:2473:17)
    at mousemoved (http://localhost:5181/app/node_modules/.vite/deps/chunk-VL3IZ2Q5.js?v=471963db:2405:14)
    at http://localhost:5181/app/node_modules/.vite/deps/chunk-VL3IZ2Q5.js?v=471963db:2072:14
[  241684ms] TypeError: this.setAttribute is not a function
    at http://localhost:5181/app/node_modules/.vite/deps/chunk-VL3IZ2Q5.js?v=471963db:1823:10
    at Selection.each_default [as each] (http://localhost:5181/app/node_modules/.vite/deps/chunk-VL3IZ2Q5.js?v=471963db:1804:38)
    at Selection.attr_default [as attr] (http://localhost:5181/app/node_modules/.vite/deps/chunk-VL3IZ2Q5.js?v=471963db:1851:15)
    at SVGGElement.<anonymous> (http://localhost:5181/app/src/views/BoxLineView.tsx?t=1779302292349:156:50)
    at Dispatch.call (http://localhost:5181/app/node_modules/.vite/deps/chunk-VL3IZ2Q5.js?v=471963db:1410:73)
    at Object.gesture [as mouse] (http://localhost:5181/app/node_modules/.vite/deps/chunk-VL3IZ2Q5.js?v=471963db:2473:17)
    at mousemoved (http://localhost:5181/app/node_modules/.vite/deps/chunk-VL3IZ2Q5.js?v=471963db:2405:14)
    at http://localhost:5181/app/node_modules/.vite/deps/chunk-VL3IZ2Q5.js?v=471963db:2072:14
[  241693ms] TypeError: this.setAttribute is not a function
    at http://localhost:5181/app/node_modules/.vite/deps/chunk-VL3IZ2Q5.js?v=471963db:1823:10
    at Selection.each_default [as each] (http://localhost:5181/app/node_modules/.vite/deps/chunk-VL3IZ2Q5.js?v=471963db:1804:38)
    at Selection.attr_default [as attr] (http://localhost:5181/app/node_modules/.vite/deps/chunk-VL3IZ2Q5.js?v=471963db:1851:15)
    at SVGGElement.<anonymous> (http://localhost:5181/app/src/views/BoxLineView.tsx?t=1779302292349:156:50)
    at Dispatch.call (http://localhost:5181/app/node_modules/.vite/deps/chunk-VL3IZ2Q5.js?v=471963db:1410:73)
    at Object.gesture [as mouse] (http://localhost:5181/app/node_modules/.vite/deps/chunk-VL3IZ2Q5.js?v=471963db:2473:17)
    at mousemoved (http://localhost:5181/app/node_modules/.vite/deps/chunk-VL3IZ2Q5.js?v=471963db:2405:14)
    at http://localhost:5181/app/node_modules/.vite/deps/chunk-VL3IZ2Q5.js?v=471963db:2072:14
[  241701ms] TypeError: this.setAttribute is not a function
    at http://localhost:5181/app/node_modules/.vite/deps/chunk-VL3IZ2Q5.js?v=471963db:1823:10
    at Selection.each_default [as each] (http://localhost:5181/app/node_modules/.vite/deps/chunk-VL3IZ2Q5.js?v=471963db:1804:38)
    at Selection.attr_default [as attr] (http://localhost:5181/app/node_modules/.vite/deps/chunk-VL3IZ2Q5.js?v=471963db:1851:15)
    at SVGGElement.<anonymous> (http://localhost:5181/app/src/views/BoxLineView.tsx?t=1779302292349:156:50)
    at Dispatch.call (http://localhost:5181/app/node_modules/.vite/deps/chunk-VL3IZ2Q5.js?v=471963db:1410:73)
    at Object.gesture [as mouse] (http://localhost:5181/app/node_modules/.vite/deps/chunk-VL3IZ2Q5.js?v=471963db:2473:17)
    at mousemoved (http://localhost:5181/app/node_modules/.vite/deps/chunk-VL3IZ2Q5.js?v=471963db:2405:14)
    at http://localhost:5181/app/node_modules/.vite/deps/chunk-VL3IZ2Q5.js?v=471963db:2072:14
[  241709ms] TypeError: this.setAttribute is not a function
    at http://localhost:5181/app/node_modules/.vite/deps/chunk-VL3IZ2Q5.js?v=471963db:1823:10
    at Selection.each_default [as each] (http://localhost:5181/app/node_modules/.vite/deps/chunk-VL3IZ2Q5.js?v=471963db:1804:38)
    at Selection.attr_default [as attr] (http://localhost:5181/app/node_modules/.vite/deps/chunk-VL3IZ2Q5.js?v=471963db:1851:15)
    at SVGGElement.<anonymous> (http://localhost:5181/app/src/views/BoxLineView.tsx?t=1779302292349:156:50)
    at Dispatch.call (http://localhost:5181/app/node_modules/.vite/deps/chunk-VL3IZ2Q5.js?v=471963db:1410:73)
    at Object.gesture [as mouse] (http://localhost:5181/app/node_modules/.vite/deps/chunk-VL3IZ2Q5.js?v=471963db:2473:17)
    at mousemoved (http://localhost:5181/app/node_modules/.vite/deps/chunk-VL3IZ2Q5.js?v=471963db:2405:14)
    at http://localhost:5181/app/node_modules/.vite/deps/chunk-VL3IZ2Q5.js?v=471963db:2072:14
[  241718ms] TypeError: this.setAttribute is not a function
    at http://localhost:5181/app/node_modules/.vite/deps/chunk-VL3IZ2Q5.js?v=471963db:1823:10
    at Selection.each_default [as each] (http://localhost:5181/app/node_modules/.vite/deps/chunk-VL3IZ2Q5.js?v=471963db:1804:38)
    at Selection.attr_default [as attr] (http://localhost:5181/app/node_modules/.vite/deps/chunk-VL3IZ2Q5.js?v=471963db:1851:15)
    at SVGGElement.<anonymous> (http://localhost:5181/app/src/views/BoxLineView.tsx?t=1779302292349:156:50)
    at Dispatch.call (http://localhost:5181/app/node_modules/.vite/deps/chunk-VL3IZ2Q5.js?v=471963db:1410:73)
    at Object.gesture [as mouse] (http://localhost:5181/app/node_modules/.vite/deps/chunk-VL3IZ2Q5.js?v=471963db:2473:17)
    at mousemoved (http://localhost:5181/app/node_modules/.vite/deps/chunk-VL3IZ2Q5.js?v=471963db:2405:14)
    at http://localhost:5181/app/node_modules/.vite/deps/chunk-VL3IZ2Q5.js?v=471963db:2072:14
[  241726ms] TypeError: this.setAttribute is not a function
    at http://localhost:5181/app/node_modules/.vite/deps/chunk-VL3IZ2Q5.js?v=471963db:1823:10
    at Selection.each_default [as each] (http://localhost:5181/app/node_modules/.vite/deps/chunk-VL3IZ2Q5.js?v=471963db:1804:38)
    at Selection.attr_default [as attr] (http://localhost:5181/app/node_modules/.vite/deps/chunk-VL3IZ2Q5.js?v=471963db:1851:15)
    at SVGGElement.<anonymous> (http://localhost:5181/app/src/views/BoxLineView.tsx?t=1779302292349:156:50)
    at Dispatch.call (http://localhost:5181/app/node_modules/.vite/deps/chunk-VL3IZ2Q5.js?v=471963db:1410:73)
    at Object.gesture [as mouse] (http://localhost:5181/app/node_modules/.vite/deps/chunk-VL3IZ2Q5.js?v=471963db:2473:17)
    at mousemoved (http://localhost:5181/app/node_modules/.vite/deps/chunk-VL3IZ2Q5.js?v=471963db:2405:14)
    at http://localhost:5181/app/node_modules/.vite/deps/chunk-VL3IZ2Q5.js?v=471963db:2072:14
[  241734ms] TypeError: this.setAttribute is not a function
    at http://localhost:5181/app/node_modules/.vite/deps/chunk-VL3IZ2Q5.js?v=471963db:1823:10
    at Selection.each_default [as each] (http://localhost:5181/app/node_modules/.vite/deps/chunk-VL3IZ2Q5.js?v=471963db:1804:38)
    at Selection.attr_default [as attr] (http://localhost:5181/app/node_modules/.vite/deps/chunk-VL3IZ2Q5.js?v=471963db:1851:15)
    at SVGGElement.<anonymous> (http://localhost:5181/app/src/views/BoxLineView.tsx?t=1779302292349:156:50)
    at Dispatch.call (http://localhost:5181/app/node_modules/.vite/deps/chunk-VL3IZ2Q5.js?v=471963db:1410:73)
    at Object.gesture [as mouse] (http://localhost:5181/app/node_modules/.vite/deps/chunk-VL3IZ2Q5.js?v=471963db:2473:17)
    at mousemoved (http://localhost:5181/app/node_modules/.vite/deps/chunk-VL3IZ2Q5.js?v=471963db:2405:14)
    at http://localhost:5181/app/node_modules/.vite/deps/chunk-VL3IZ2Q5.js?v=471963db:2072:14
[  241743ms] TypeError: this.setAttribute is not a function
    at http://localhost:5181/app/node_modules/.vite/deps/chunk-VL3IZ2Q5.js?v=471963db:1823:10
    at Selection.each_default [as each] (http://localhost:5181/app/node_modules/.vite/deps/chunk-VL3IZ2Q5.js?v=471963db:1804:38)
    at Selection.attr_default [as attr] (http://localhost:5181/app/node_modules/.vite/deps/chunk-VL3IZ2Q5.js?v=471963db:1851:15)
    at SVGGElement.<anonymous> (http://localhost:5181/app/src/views/BoxLineView.tsx?t=1779302292349:156:50)
    at Dispatch.call (http://localhost:5181/app/node_modules/.vite/deps/chunk-VL3IZ2Q5.js?v=471963db:1410:73)
    at Object.gesture [as mouse] (http://localhost:5181/app/node_modules/.vite/deps/chunk-VL3IZ2Q5.js?v=471963db:2473:17)
    at mousemoved (http://localhost:5181/app/node_modules/.vite/deps/chunk-VL3IZ2Q5.js?v=471963db:2405:14)
    at http://localhost:5181/app/node_modules/.vite/deps/chunk-VL3IZ2Q5.js?v=471963db:2072:14
[  241751ms] TypeError: this.setAttribute is not a function
    at http://localhost:5181/app/node_modules/.vite/deps/chunk-VL3IZ2Q5.js?v=471963db:1823:10
    at Selection.each_default [as each] (http://localhost:5181/app/node_modules/.vite/deps/chunk-VL3IZ2Q5.js?v=471963db:1804:38)
    at Selection.attr_default [as attr] (http://localhost:5181/app/node_modules/.vite/deps/chunk-VL3IZ2Q5.js?v=471963db:1851:15)
    at SVGGElement.<anonymous> (http://localhost:5181/app/src/views/BoxLineView.tsx?t=1779302292349:156:50)
    at Dispatch.call (http://localhost:5181/app/node_modules/.vite/deps/chunk-VL3IZ2Q5.js?v=471963db:1410:73)
    at Object.gesture [as mouse] (http://localhost:5181/app/node_modules/.vite/deps/chunk-VL3IZ2Q5.js?v=471963db:2473:17)
    at mousemoved (http://localhost:5181/app/node_modules/.vite/deps/chunk-VL3IZ2Q5.js?v=471963db:2405:14)
    at http://localhost:5181/app/node_modules/.vite/deps/chunk-VL3IZ2Q5.js?v=471963db:2072:14
[  241760ms] TypeError: this.setAttribute is not a function
    at http://localhost:5181/app/node_modules/.vite/deps/chunk-VL3IZ2Q5.js?v=471963db:1823:10
    at Selection.each_default [as each] (http://localhost:5181/app/node_modules/.vite/deps/chunk-VL3IZ2Q5.js?v=471963db:1804:38)
    at Selection.attr_default [as attr] (http://localhost:5181/app/node_modules/.vite/deps/chunk-VL3IZ2Q5.js?v=471963db:1851:15)
    at SVGGElement.<anonymous> (http://localhost:5181/app/src/views/BoxLineView.tsx?t=1779302292349:156:50)
    at Dispatch.call (http://localhost:5181/app/node_modules/.vite/deps/chunk-VL3IZ2Q5.js?v=471963db:1410:73)
    at Object.gesture [as mouse] (http://localhost:5181/app/node_modules/.vite/deps/chunk-VL3IZ2Q5.js?v=471963db:2473:17)
    at mousemoved (http://localhost:5181/app/node_modules/.vite/deps/chunk-VL3IZ2Q5.js?v=471963db:2405:14)
    at http://localhost:5181/app/node_modules/.vite/deps/chunk-VL3IZ2Q5.js?v=471963db:2072:14
[  241768ms] TypeError: this.setAttribute is not a function
    at http://localhost:5181/app/node_modules/.vite/deps/chunk-VL3IZ2Q5.js?v=471963db:1823:10
    at Selection.each_default [as each] (http://localhost:5181/app/node_modules/.vite/deps/chunk-VL3IZ2Q5.js?v=471963db:1804:38)
    at Selection.attr_default [as attr] (http://localhost:5181/app/node_modules/.vite/deps/chunk-VL3IZ2Q5.js?v=471963db:1851:15)
    at SVGGElement.<anonymous> (http://localhost:5181/app/src/views/BoxLineView.tsx?t=1779302292349:156:50)
    at Dispatch.call (http://localhost:5181/app/node_modules/.vite/deps/chunk-VL3IZ2Q5.js?v=471963db:1410:73)
    at Object.gesture [as mouse] (http://localhost:5181/app/node_modules/.vite/deps/chunk-VL3IZ2Q5.js?v=471963db:2473:17)
    at mousemoved (http://localhost:5181/app/node_modules/.vite/deps/chunk-VL3IZ2Q5.js?v=471963db:2405:14)
    at http://localhost:5181/app/node_modules/.vite/deps/chunk-VL3IZ2Q5.js?v=471963db:2072:14
[  241776ms] TypeError: this.setAttribute is not a function
    at http://localhost:5181/app/node_modules/.vite/deps/chunk-VL3IZ2Q5.js?v=471963db:1823:10
    at Selection.each_default [as each] (http://localhost:5181/app/node_modules/.vite/deps/chunk-VL3IZ2Q5.js?v=471963db:1804:38)
    at Selection.attr_default [as attr] (http://localhost:5181/app/node_modules/.vite/deps/chunk-VL3IZ2Q5.js?v=471963db:1851:15)
    at SVGGElement.<anonymous> (http://localhost:5181/app/src/views/BoxLineView.tsx?t=1779302292349:156:50)
    at Dispatch.call (http://localhost:5181/app/node_modules/.vite/deps/chunk-VL3IZ2Q5.js?v=471963db:1410:73)
    at Object.gesture [as mouse] (http://localhost:5181/app/node_modules/.vite/deps/chunk-VL3IZ2Q5.js?v=471963db:2473:17)
    at mousemoved (http://localhost:5181/app/node_modules/.vite/deps/chunk-VL3IZ2Q5.js?v=471963db:2405:14)
    at http://localhost:5181/app/node_modules/.vite/deps/chunk-VL3IZ2Q5.js?v=471963db:2072:14
[  241785ms] TypeError: this.setAttribute is not a function
    at http://localhost:5181/app/node_modules/.vite/deps/chunk-VL3IZ2Q5.js?v=471963db:1823:10
    at Selection.each_default [as each] (http://localhost:5181/app/node_modules/.vite/deps/chunk-VL3IZ2Q5.js?v=471963db:1804:38)
    at Selection.attr_default [as attr] (http://localhost:5181/app/node_modules/.vite/deps/chunk-VL3IZ2Q5.js?v=471963db:1851:15)
    at SVGGElement.<anonymous> (http://localhost:5181/app/src/views/BoxLineView.tsx?t=1779302292349:156:50)
    at Dispatch.call (http://localhost:5181/app/node_modules/.vite/deps/chunk-VL3IZ2Q5.js?v=471963db:1410:73)
    at Object.gesture [as mouse] (http://localhost:5181/app/node_modules/.vite/deps/chunk-VL3IZ2Q5.js?v=471963db:2473:17)
    at mousemoved (http://localhost:5181/app/node_modules/.vite/deps/chunk-VL3IZ2Q5.js?v=471963db:2405:14)
    at http://localhost:5181/app/node_modules/.vite/deps/chunk-VL3IZ2Q5.js?v=471963db:2072:14
[  241792ms] TypeError: this.setAttribute is not a function
    at http://localhost:5181/app/node_modules/.vite/deps/chunk-VL3IZ2Q5.js?v=471963db:1823:10
    at Selection.each_default [as each] (http://localhost:5181/app/node_modules/.vite/deps/chunk-VL3IZ2Q5.js?v=471963db:1804:38)
    at Selection.attr_default [as attr] (http://localhost:5181/app/node_modules/.vite/deps/chunk-VL3IZ2Q5.js?v=471963db:1851:15)
    at SVGGElement.<anonymous> (http://localhost:5181/app/src/views/BoxLineView.tsx?t=1779302292349:156:50)
    at Dispatch.call (http://localhost:5181/app/node_modules/.vite/deps/chunk-VL3IZ2Q5.js?v=471963db:1410:73)
    at Object.gesture [as mouse] (http://localhost:5181/app/node_modules/.vite/deps/chunk-VL3IZ2Q5.js?v=471963db:2473:17)
    at mousemoved (http://localhost:5181/app/node_modules/.vite/deps/chunk-VL3IZ2Q5.js?v=471963db:2405:14)
    at http://localhost:5181/app/node_modules/.vite/deps/chunk-VL3IZ2Q5.js?v=471963db:2072:14
[  241801ms] TypeError: this.setAttribute is not a function
    at http://localhost:5181/app/node_modules/.vite/deps/chunk-VL3IZ2Q5.js?v=471963db:1823:10
    at Selection.each_default [as each] (http://localhost:5181/app/node_modules/.vite/deps/chunk-VL3IZ2Q5.js?v=471963db:1804:38)
    at Selection.attr_default [as attr] (http://localhost:5181/app/node_modules/.vite/deps/chunk-VL3IZ2Q5.js?v=471963db:1851:15)
    at SVGGElement.<anonymous> (http://localhost:5181/app/src/views/BoxLineView.tsx?t=1779302292349:156:50)
    at Dispatch.call (http://localhost:5181/app/node_modules/.vite/deps/chunk-VL3IZ2Q5.js?v=471963db:1410:73)
    at Object.gesture [as mouse] (http://localhost:5181/app/node_modules/.vite/deps/chunk-VL3IZ2Q5.js?v=471963db:2473:17)
    at mousemoved (http://localhost:5181/app/node_modules/.vite/deps/chunk-VL3IZ2Q5.js?v=471963db:2405:14)
    at http://localhost:5181/app/node_modules/.vite/deps/chunk-VL3IZ2Q5.js?v=471963db:2072:14
[  241885ms] TypeError: this.setAttribute is not a function
    at http://localhost:5181/app/node_modules/.vite/deps/chunk-VL3IZ2Q5.js?v=471963db:1823:10
    at Selection.each_default [as each] (http://localhost:5181/app/node_modules/.vite/deps/chunk-VL3IZ2Q5.js?v=471963db:1804:38)
    at Selection.attr_default [as attr] (http://localhost:5181/app/node_modules/.vite/deps/chunk-VL3IZ2Q5.js?v=471963db:1851:15)
    at SVGGElement.<anonymous> (http://localhost:5181/app/src/views/BoxLineView.tsx?t=1779302292349:156:50)
    at Dispatch.call (http://localhost:5181/app/node_modules/.vite/deps/chunk-VL3IZ2Q5.js?v=471963db:1410:73)
    at Object.gesture [as mouse] (http://localhost:5181/app/node_modules/.vite/deps/chunk-VL3IZ2Q5.js?v=471963db:2473:17)
    at mousemoved (http://localhost:5181/app/node_modules/.vite/deps/chunk-VL3IZ2Q5.js?v=471963db:2405:14)
    at http://localhost:5181/app/node_modules/.vite/deps/chunk-VL3IZ2Q5.js?v=471963db:2072:14
[  254835ms] TypeError: this.setAttribute is not a function
    at http://localhost:5181/app/node_modules/.vite/deps/chunk-VL3IZ2Q5.js?v=471963db:1823:10
    at Selection.each_default [as each] (http://localhost:5181/app/node_modules/.vite/deps/chunk-VL3IZ2Q5.js?v=471963db:1804:38)
    at Selection.attr_default [as attr] (http://localhost:5181/app/node_modules/.vite/deps/chunk-VL3IZ2Q5.js?v=471963db:1851:15)
    at SVGGElement.<anonymous> (http://localhost:5181/app/src/views/BoxLineView.tsx?t=1779302292349:156:50)
    at Dispatch.call (http://localhost:5181/app/node_modules/.vite/deps/chunk-VL3IZ2Q5.js?v=471963db:1410:73)
    at Object.gesture [as mouse] (http://localhost:5181/app/node_modules/.vite/deps/chunk-VL3IZ2Q5.js?v=471963db:2473:17)
    at mousemoved (http://localhost:5181/app/node_modules/.vite/deps/chunk-VL3IZ2Q5.js?v=471963db:2405:14)
    at http://localhost:5181/app/node_modules/.vite/deps/chunk-VL3IZ2Q5.js?v=471963db:2072:14
[  255393ms] TypeError: this.setAttribute is not a function
    at http://localhost:5181/app/node_modules/.vite/deps/chunk-VL3IZ2Q5.js?v=471963db:1823:10
    at Selection.each_default [as each] (http://localhost:5181/app/node_modules/.vite/deps/chunk-VL3IZ2Q5.js?v=471963db:1804:38)
    at Selection.attr_default [as attr] (http://localhost:5181/app/node_modules/.vite/deps/chunk-VL3IZ2Q5.js?v=471963db:1851:15)
    at SVGGElement.<anonymous> (http://localhost:5181/app/src/views/BoxLineView.tsx?t=1779302292349:156:50)
    at Dispatch.call (http://localhost:5181/app/node_modules/.vite/deps/chunk-VL3IZ2Q5.js?v=471963db:1410:73)
    at Object.gesture [as mouse] (http://localhost:5181/app/node_modules/.vite/deps/chunk-VL3IZ2Q5.js?v=471963db:2473:17)
    at mousemoved (http://localhost:5181/app/node_modules/.vite/deps/chunk-VL3IZ2Q5.js?v=471963db:2405:14)
    at http://localhost:5181/app/node_modules/.vite/deps/chunk-VL3IZ2Q5.js?v=471963db:2072:14
[  257360ms] TypeError: this.setAttribute is not a function
    at http://localhost:5181/app/node_modules/.vite/deps/chunk-VL3IZ2Q5.js?v=471963db:1823:10
    at Selection.each_default [as each] (http://localhost:5181/app/node_modules/.vite/deps/chunk-VL3IZ2Q5.js?v=471963db:1804:38)
    at Selection.attr_default [as attr] (http://localhost:5181/app/node_modules/.vite/deps/chunk-VL3IZ2Q5.js?v=471963db:1851:15)
    at SVGGElement.<anonymous> (http://localhost:5181/app/src/views/BoxLineView.tsx?t=1779302292349:156:50)
    at Dispatch.call (http://localhost:5181/app/node_modules/.vite/deps/chunk-VL3IZ2Q5.js?v=471963db:1410:73)
    at Object.gesture [as mouse] (http://localhost:5181/app/node_modules/.vite/deps/chunk-VL3IZ2Q5.js?v=471963db:2473:17)
    at mousemoved (http://localhost:5181/app/node_modules/.vite/deps/chunk-VL3IZ2Q5.js?v=471963db:2405:14)
    at http://localhost:5181/app/node_modules/.vite/deps/chunk-VL3IZ2Q5.js?v=471963db:2072:14
[  257368ms] TypeError: this.setAttribute is not a function
    at http://localhost:5181/app/node_modules/.vite/deps/chunk-VL3IZ2Q5.js?v=471963db:1823:10
    at Selection.each_default [as each] (http://localhost:5181/app/node_modules/.vite/deps/chunk-VL3IZ2Q5.js?v=471963db:1804:38)
    at Selection.attr_default [as attr] (http://localhost:5181/app/node_modules/.vite/deps/chunk-VL3IZ2Q5.js?v=471963db:1851:15)
    at SVGGElement.<anonymous> (http://localhost:5181/app/src/views/BoxLineView.tsx?t=1779302292349:156:50)
    at Dispatch.call (http://localhost:5181/app/node_modules/.vite/deps/chunk-VL3IZ2Q5.js?v=471963db:1410:73)
    at Object.gesture [as mouse] (http://localhost:5181/app/node_modules/.vite/deps/chunk-VL3IZ2Q5.js?v=471963db:2473:17)
    at mousemoved (http://localhost:5181/app/node_modules/.vite/deps/chunk-VL3IZ2Q5.js?v=471963db:2405:14)
    at http://localhost:5181/app/node_modules/.vite/deps/chunk-VL3IZ2Q5.js?v=471963db:2072:14
[  257376ms] TypeError: this.setAttribute is not a function
    at http://localhost:5181/app/node_modules/.vite/deps/chunk-VL3IZ2Q5.js?v=471963db:1823:10
    at Selection.each_default [as each] (http://localhost:5181/app/node_modules/.vite/deps/chunk-VL3IZ2Q5.js?v=471963db:1804:38)
    at Selection.attr_default [as attr] (http://localhost:5181/app/node_modules/.vite/deps/chunk-VL3IZ2Q5.js?v=471963db:1851:15)
    at SVGGElement.<anonymous> (http://localhost:5181/app/src/views/BoxLineView.tsx?t=1779302292349:156:50)
    at Dispatch.call (http://localhost:5181/app/node_modules/.vite/deps/chunk-VL3IZ2Q5.js?v=471963db:1410:73)
    at Object.gesture [as mouse] (http://localhost:5181/app/node_modules/.vite/deps/chunk-VL3IZ2Q5.js?v=471963db:2473:17)
    at mousemoved (http://localhost:5181/app/node_modules/.vite/deps/chunk-VL3IZ2Q5.js?v=471963db:2405:14)
    at http://localhost:5181/app/node_modules/.vite/deps/chunk-VL3IZ2Q5.js?v=471963db:2072:14
[  257385ms] TypeError: this.setAttribute is not a function
    at http://localhost:5181/app/node_modules/.vite/deps/chunk-VL3IZ2Q5.js?v=471963db:1823:10
    at Selection.each_default [as each] (http://localhost:5181/app/node_modules/.vite/deps/chunk-VL3IZ2Q5.js?v=471963db:1804:38)
    at Selection.attr_default [as attr] (http://localhost:5181/app/node_modules/.vite/deps/chunk-VL3IZ2Q5.js?v=471963db:1851:15)
    at SVGGElement.<anonymous> (http://localhost:5181/app/src/views/BoxLineView.tsx?t=1779302292349:156:50)
    at Dispatch.call (http://localhost:5181/app/node_modules/.vite/deps/chunk-VL3IZ2Q5.js?v=471963db:1410:73)
    at Object.gesture [as mouse] (http://localhost:5181/app/node_modules/.vite/deps/chunk-VL3IZ2Q5.js?v=471963db:2473:17)
    at mousemoved (http://localhost:5181/app/node_modules/.vite/deps/chunk-VL3IZ2Q5.js?v=471963db:2405:14)
    at http://localhost:5181/app/node_modules/.vite/deps/chunk-VL3IZ2Q5.js?v=471963db:2072:14
[  257392ms] TypeError: this.setAttribute is not a function
    at http://localhost:5181/app/node_modules/.vite/deps/chunk-VL3IZ2Q5.js?v=471963db:1823:10
    at Selection.each_default [as each] (http://localhost:5181/app/node_modules/.vite/deps/chunk-VL3IZ2Q5.js?v=471963db:1804:38)
    at Selection.attr_default [as attr] (http://localhost:5181/app/node_modules/.vite/deps/chunk-VL3IZ2Q5.js?v=471963db:1851:15)
    at SVGGElement.<anonymous> (http://localhost:5181/app/src/views/BoxLineView.tsx?t=1779302292349:156:50)
    at Dispatch.call (http://localhost:5181/app/node_modules/.vite/deps/chunk-VL3IZ2Q5.js?v=471963db:1410:73)
    at Object.gesture [as mouse] (http://localhost:5181/app/node_modules/.vite/deps/chunk-VL3IZ2Q5.js?v=471963db:2473:17)
    at mousemoved (http://localhost:5181/app/node_modules/.vite/deps/chunk-VL3IZ2Q5.js?v=471963db:2405:14)
    at http://localhost:5181/app/node_modules/.vite/deps/chunk-VL3IZ2Q5.js?v=471963db:2072:14
[  257401ms] TypeError: this.setAttribute is not a function
    at http://localhost:5181/app/node_modules/.vite/deps/chunk-VL3IZ2Q5.js?v=471963db:1823:10
    at Selection.each_default [as each] (http://localhost:5181/app/node_modules/.vite/deps/chunk-VL3IZ2Q5.js?v=471963db:1804:38)
    at Selection.attr_default [as attr] (http://localhost:5181/app/node_modules/.vite/deps/chunk-VL3IZ2Q5.js?v=471963db:1851:15)
    at SVGGElement.<anonymous> (http://localhost:5181/app/src/views/BoxLineView.tsx?t=1779302292349:156:50)
    at Dispatch.call (http://localhost:5181/app/node_modules/.vite/deps/chunk-VL3IZ2Q5.js?v=471963db:1410:73)
    at Object.gesture [as mouse] (http://localhost:5181/app/node_modules/.vite/deps/chunk-VL3IZ2Q5.js?v=471963db:2473:17)
    at mousemoved (http://localhost:5181/app/node_modules/.vite/deps/chunk-VL3IZ2Q5.js?v=471963db:2405:14)
    at http://localhost:5181/app/node_modules/.vite/deps/chunk-VL3IZ2Q5.js?v=471963db:2072:14
[  257409ms] TypeError: this.setAttribute is not a function
    at http://localhost:5181/app/node_modules/.vite/deps/chunk-VL3IZ2Q5.js?v=471963db:1823:10
    at Selection.each_default [as each] (http://localhost:5181/app/node_modules/.vite/deps/chunk-VL3IZ2Q5.js?v=471963db:1804:38)
    at Selection.attr_default [as attr] (http://localhost:5181/app/node_modules/.vite/deps/chunk-VL3IZ2Q5.js?v=471963db:1851:15)
    at SVGGElement.<anonymous> (http://localhost:5181/app/src/views/BoxLineView.tsx?t=1779302292349:156:50)
    at Dispatch.call (http://localhost:5181/app/node_modules/.vite/deps/chunk-VL3IZ2Q5.js?v=471963db:1410:73)
    at Object.gesture [as mouse] (http://localhost:5181/app/node_modules/.vite/deps/chunk-VL3IZ2Q5.js?v=471963db:2473:17)
    at mousemoved (http://localhost:5181/app/node_modules/.vite/deps/chunk-VL3IZ2Q5.js?v=471963db:2405:14)
    at http://localhost:5181/app/node_modules/.vite/deps/chunk-VL3IZ2Q5.js?v=471963db:2072:14
[  257417ms] TypeError: this.setAttribute is not a function
    at http://localhost:5181/app/node_modules/.vite/deps/chunk-VL3IZ2Q5.js?v=471963db:1823:10
    at Selection.each_default [as each] (http://localhost:5181/app/node_modules/.vite/deps/chunk-VL3IZ2Q5.js?v=471963db:1804:38)
    at Selection.attr_default [as attr] (http://localhost:5181/app/node_modules/.vite/deps/chunk-VL3IZ2Q5.js?v=471963db:1851:15)
    at SVGGElement.<anonymous> (http://localhost:5181/app/src/views/BoxLineView.tsx?t=1779302292349:156:50)
    at Dispatch.call (http://localhost:5181/app/node_modules/.vite/deps/chunk-VL3IZ2Q5.js?v=471963db:1410:73)
    at Object.gesture [as mouse] (http://localhost:5181/app/node_modules/.vite/deps/chunk-VL3IZ2Q5.js?v=471963db:2473:17)
    at mousemoved (http://localhost:5181/app/node_modules/.vite/deps/chunk-VL3IZ2Q5.js?v=471963db:2405:14)
    at http://localhost:5181/app/node_modules/.vite/deps/chunk-VL3IZ2Q5.js?v=471963db:2072:14
[  257425ms] TypeError: this.setAttribute is not a function
    at http://localhost:5181/app/node_modules/.vite/deps/chunk-VL3IZ2Q5.js?v=471963db:1823:10
    at Selection.each_default [as each] (http://localhost:5181/app/node_modules/.vite/deps/chunk-VL3IZ2Q5.js?v=471963db:1804:38)
    at Selection.attr_default [as attr] (http://localhost:5181/app/node_modules/.vite/deps/chunk-VL3IZ2Q5.js?v=471963db:1851:15)
    at SVGGElement.<anonymous> (http://localhost:5181/app/src/views/BoxLineView.tsx?t=1779302292349:156:50)
    at Dispatch.call (http://localhost:5181/app/node_modules/.vite/deps/chunk-VL3IZ2Q5.js?v=471963db:1410:73)
    at Object.gesture [as mouse] (http://localhost:5181/app/node_modules/.vite/deps/chunk-VL3IZ2Q5.js?v=471963db:2473:17)
    at mousemoved (http://localhost:5181/app/node_modules/.vite/deps/chunk-VL3IZ2Q5.js?v=471963db:2405:14)
    at http://localhost:5181/app/node_modules/.vite/deps/chunk-VL3IZ2Q5.js?v=471963db:2072:14
[  257435ms] TypeError: this.setAttribute is not a function
    at http://localhost:5181/app/node_modules/.vite/deps/chunk-VL3IZ2Q5.js?v=471963db:1823:10
    at Selection.each_default [as each] (http://localhost:5181/app/node_modules/.vite/deps/chunk-VL3IZ2Q5.js?v=471963db:1804:38)
    at Selection.attr_default [as attr] (http://localhost:5181/app/node_modules/.vite/deps/chunk-VL3IZ2Q5.js?v=471963db:1851:15)
    at SVGGElement.<anonymous> (http://localhost:5181/app/src/views/BoxLineView.tsx?t=1779302292349:156:50)
    at Dispatch.call (http://localhost:5181/app/node_modules/.vite/deps/chunk-VL3IZ2Q5.js?v=471963db:1410:73)
    at Object.gesture [as mouse] (http://localhost:5181/app/node_modules/.vite/deps/chunk-VL3IZ2Q5.js?v=471963db:2473:17)
    at mousemoved (http://localhost:5181/app/node_modules/.vite/deps/chunk-VL3IZ2Q5.js?v=471963db:2405:14)
    at http://localhost:5181/app/node_modules/.vite/deps/chunk-VL3IZ2Q5.js?v=471963db:2072:14
[  257443ms] TypeError: this.setAttribute is not a function
    at http://localhost:5181/app/node_modules/.vite/deps/chunk-VL3IZ2Q5.js?v=471963db:1823:10
    at Selection.each_default [as each] (http://localhost:5181/app/node_modules/.vite/deps/chunk-VL3IZ2Q5.js?v=471963db:1804:38)
    at Selection.attr_default [as attr] (http://localhost:5181/app/node_modules/.vite/deps/chunk-VL3IZ2Q5.js?v=471963db:1851:15)
    at SVGGElement.<anonymous> (http://localhost:5181/app/src/views/BoxLineView.tsx?t=1779302292349:156:50)
    at Dispatch.call (http://localhost:5181/app/node_modules/.vite/deps/chunk-VL3IZ2Q5.js?v=471963db:1410:73)
    at Object.gesture [as mouse] (http://localhost:5181/app/node_modules/.vite/deps/chunk-VL3IZ2Q5.js?v=471963db:2473:17)
    at mousemoved (http://localhost:5181/app/node_modules/.vite/deps/chunk-VL3IZ2Q5.js?v=471963db:2405:14)
    at http://localhost:5181/app/node_modules/.vite/deps/chunk-VL3IZ2Q5.js?v=471963db:2072:14
[  257451ms] TypeError: this.setAttribute is not a function
    at http://localhost:5181/app/node_modules/.vite/deps/chunk-VL3IZ2Q5.js?v=471963db:1823:10
    at Selection.each_default [as each] (http://localhost:5181/app/node_modules/.vite/deps/chunk-VL3IZ2Q5.js?v=471963db:1804:38)
    at Selection.attr_default [as attr] (http://localhost:5181/app/node_modules/.vite/deps/chunk-VL3IZ2Q5.js?v=471963db:1851:15)
    at SVGGElement.<anonymous> (http://localhost:5181/app/src/views/BoxLineView.tsx?t=1779302292349:156:50)
    at Dispatch.call (http://localhost:5181/app/node_modules/.vite/deps/chunk-VL3IZ2Q5.js?v=471963db:1410:73)
    at Object.gesture [as mouse] (http://localhost:5181/app/node_modules/.vite/deps/chunk-VL3IZ2Q5.js?v=471963db:2473:17)
    at mousemoved (http://localhost:5181/app/node_modules/.vite/deps/chunk-VL3IZ2Q5.js?v=471963db:2405:14)
    at http://localhost:5181/app/node_modules/.vite/deps/chunk-VL3IZ2Q5.js?v=471963db:2072:14
[  257459ms] TypeError: this.setAttribute is not a function
    at http://localhost:5181/app/node_modules/.vite/deps/chunk-VL3IZ2Q5.js?v=471963db:1823:10
    at Selection.each_default [as each] (http://localhost:5181/app/node_modules/.vite/deps/chunk-VL3IZ2Q5.js?v=471963db:1804:38)
    at Selection.attr_default [as attr] (http://localhost:5181/app/node_modules/.vite/deps/chunk-VL3IZ2Q5.js?v=471963db:1851:15)
    at SVGGElement.<anonymous> (http://localhost:5181/app/src/views/BoxLineView.tsx?t=1779302292349:156:50)
    at Dispatch.call (http://localhost:5181/app/node_modules/.vite/deps/chunk-VL3IZ2Q5.js?v=471963db:1410:73)
    at Object.gesture [as mouse] (http://localhost:5181/app/node_modules/.vite/deps/chunk-VL3IZ2Q5.js?v=471963db:2473:17)
    at mousemoved (http://localhost:5181/app/node_modules/.vite/deps/chunk-VL3IZ2Q5.js?v=471963db:2405:14)
    at http://localhost:5181/app/node_modules/.vite/deps/chunk-VL3IZ2Q5.js?v=471963db:2072:14
[  257467ms] TypeError: this.setAttribute is not a function
    at http://localhost:5181/app/node_modules/.vite/deps/chunk-VL3IZ2Q5.js?v=471963db:1823:10
    at Selection.each_default [as each] (http://localhost:5181/app/node_modules/.vite/deps/chunk-VL3IZ2Q5.js?v=471963db:1804:38)
    at Selection.attr_default [as attr] (http://localhost:5181/app/node_modules/.vite/deps/chunk-VL3IZ2Q5.js?v=471963db:1851:15)
    at SVGGElement.<anonymous> (http://localhost:5181/app/src/views/BoxLineView.tsx?t=1779302292349:156:50)
    at Dispatch.call (http://localhost:5181/app/node_modules/.vite/deps/chunk-VL3IZ2Q5.js?v=471963db:1410:73)
    at Object.gesture [as mouse] (http://localhost:5181/app/node_modules/.vite/deps/chunk-VL3IZ2Q5.js?v=471963db:2473:17)
    at mousemoved (http://localhost:5181/app/node_modules/.vite/deps/chunk-VL3IZ2Q5.js?v=471963db:2405:14)
    at http://localhost:5181/app/node_modules/.vite/deps/chunk-VL3IZ2Q5.js?v=471963db:2072:14
[  257476ms] TypeError: this.setAttribute is not a function
    at http://localhost:5181/app/node_modules/.vite/deps/chunk-VL3IZ2Q5.js?v=471963db:1823:10
    at Selection.each_default [as each] (http://localhost:5181/app/node_modules/.vite/deps/chunk-VL3IZ2Q5.js?v=471963db:1804:38)
    at Selection.attr_default [as attr] (http://localhost:5181/app/node_modules/.vite/deps/chunk-VL3IZ2Q5.js?v=471963db:1851:15)
    at SVGGElement.<anonymous> (http://localhost:5181/app/src/views/BoxLineView.tsx?t=1779302292349:156:50)
    at Dispatch.call (http://localhost:5181/app/node_modules/.vite/deps/chunk-VL3IZ2Q5.js?v=471963db:1410:73)
    at Object.gesture [as mouse] (http://localhost:5181/app/node_modules/.vite/deps/chunk-VL3IZ2Q5.js?v=471963db:2473:17)
    at mousemoved (http://localhost:5181/app/node_modules/.vite/deps/chunk-VL3IZ2Q5.js?v=471963db:2405:14)
    at http://localhost:5181/app/node_modules/.vite/deps/chunk-VL3IZ2Q5.js?v=471963db:2072:14
[  257484ms] TypeError: this.setAttribute is not a function
    at http://localhost:5181/app/node_modules/.vite/deps/chunk-VL3IZ2Q5.js?v=471963db:1823:10
    at Selection.each_default [as each] (http://localhost:5181/app/node_modules/.vite/deps/chunk-VL3IZ2Q5.js?v=471963db:1804:38)
    at Selection.attr_default [as attr] (http://localhost:5181/app/node_modules/.vite/deps/chunk-VL3IZ2Q5.js?v=471963db:1851:15)
    at SVGGElement.<anonymous> (http://localhost:5181/app/src/views/BoxLineView.tsx?t=1779302292349:156:50)
    at Dispatch.call (http://localhost:5181/app/node_modules/.vite/deps/chunk-VL3IZ2Q5.js?v=471963db:1410:73)
    at Object.gesture [as mouse] (http://localhost:5181/app/node_modules/.vite/deps/chunk-VL3IZ2Q5.js?v=471963db:2473:17)
    at mousemoved (http://localhost:5181/app/node_modules/.vite/deps/chunk-VL3IZ2Q5.js?v=471963db:2405:14)
    at http://localhost:5181/app/node_modules/.vite/deps/chunk-VL3IZ2Q5.js?v=471963db:2072:14
[  257493ms] TypeError: this.setAttribute is not a function
    at http://localhost:5181/app/node_modules/.vite/deps/chunk-VL3IZ2Q5.js?v=471963db:1823:10
    at Selection.each_default [as each] (http://localhost:5181/app/node_modules/.vite/deps/chunk-VL3IZ2Q5.js?v=471963db:1804:38)
    at Selection.attr_default [as attr] (http://localhost:5181/app/node_modules/.vite/deps/chunk-VL3IZ2Q5.js?v=471963db:1851:15)
    at SVGGElement.<anonymous> (http://localhost:5181/app/src/views/BoxLineView.tsx?t=1779302292349:156:50)
    at Dispatch.call (http://localhost:5181/app/node_modules/.vite/deps/chunk-VL3IZ2Q5.js?v=471963db:1410:73)
    at Object.gesture [as mouse] (http://localhost:5181/app/node_modules/.vite/deps/chunk-VL3IZ2Q5.js?v=471963db:2473:17)
    at mousemoved (http://localhost:5181/app/node_modules/.vite/deps/chunk-VL3IZ2Q5.js?v=471963db:2405:14)
    at http://localhost:5181/app/node_modules/.vite/deps/chunk-VL3IZ2Q5.js?v=471963db:2072:14
[  257501ms] TypeError: this.setAttribute is not a function
    at http://localhost:5181/app/node_modules/.vite/deps/chunk-VL3IZ2Q5.js?v=471963db:1823:10
    at Selection.each_default [as each] (http://localhost:5181/app/node_modules/.vite/deps/chunk-VL3IZ2Q5.js?v=471963db:1804:38)
    at Selection.attr_default [as attr] (http://localhost:5181/app/node_modules/.vite/deps/chunk-VL3IZ2Q5.js?v=471963db:1851:15)
    at SVGGElement.<anonymous> (http://localhost:5181/app/src/views/BoxLineView.tsx?t=1779302292349:156:50)
    at Dispatch.call (http://localhost:5181/app/node_modules/.vite/deps/chunk-VL3IZ2Q5.js?v=471963db:1410:73)
    at Object.gesture [as mouse] (http://localhost:5181/app/node_modules/.vite/deps/chunk-VL3IZ2Q5.js?v=471963db:2473:17)
    at mousemoved (http://localhost:5181/app/node_modules/.vite/deps/chunk-VL3IZ2Q5.js?v=471963db:2405:14)
    at http://localhost:5181/app/node_modules/.vite/deps/chunk-VL3IZ2Q5.js?v=471963db:2072:14
[  257509ms] TypeError: this.setAttribute is not a function
    at http://localhost:5181/app/node_modules/.vite/deps/chunk-VL3IZ2Q5.js?v=471963db:1823:10
    at Selection.each_default [as each] (http://localhost:5181/app/node_modules/.vite/deps/chunk-VL3IZ2Q5.js?v=471963db:1804:38)
    at Selection.attr_default [as attr] (http://localhost:5181/app/node_modules/.vite/deps/chunk-VL3IZ2Q5.js?v=471963db:1851:15)
    at SVGGElement.<anonymous> (http://localhost:5181/app/src/views/BoxLineView.tsx?t=1779302292349:156:50)
    at Dispatch.call (http://localhost:5181/app/node_modules/.vite/deps/chunk-VL3IZ2Q5.js?v=471963db:1410:73)
    at Object.gesture [as mouse] (http://localhost:5181/app/node_modules/.vite/deps/chunk-VL3IZ2Q5.js?v=471963db:2473:17)
    at mousemoved (http://localhost:5181/app/node_modules/.vite/deps/chunk-VL3IZ2Q5.js?v=471963db:2405:14)
    at http://localhost:5181/app/node_modules/.vite/deps/chunk-VL3IZ2Q5.js?v=471963db:2072:14
[  257518ms] TypeError: this.setAttribute is not a function
    at http://localhost:5181/app/node_modules/.vite/deps/chunk-VL3IZ2Q5.js?v=471963db:1823:10
    at Selection.each_default [as each] (http://localhost:5181/app/node_modules/.vite/deps/chunk-VL3IZ2Q5.js?v=471963db:1804:38)
    at Selection.attr_default [as attr] (http://localhost:5181/app/node_modules/.vite/deps/chunk-VL3IZ2Q5.js?v=471963db:1851:15)
    at SVGGElement.<anonymous> (http://localhost:5181/app/src/views/BoxLineView.tsx?t=1779302292349:156:50)
    at Dispatch.call (http://localhost:5181/app/node_modules/.vite/deps/chunk-VL3IZ2Q5.js?v=471963db:1410:73)
    at Object.gesture [as mouse] (http://localhost:5181/app/node_modules/.vite/deps/chunk-VL3IZ2Q5.js?v=471963db:2473:17)
    at mousemoved (http://localhost:5181/app/node_modules/.vite/deps/chunk-VL3IZ2Q5.js?v=471963db:2405:14)
    at http://localhost:5181/app/node_modules/.vite/deps/chunk-VL3IZ2Q5.js?v=471963db:2072:14
[  257526ms] TypeError: this.setAttribute is not a function
    at http://localhost:5181/app/node_modules/.vite/deps/chunk-VL3IZ2Q5.js?v=471963db:1823:10
    at Selection.each_default [as each] (http://localhost:5181/app/node_modules/.vite/deps/chunk-VL3IZ2Q5.js?v=471963db:1804:38)
    at Selection.attr_default [as attr] (http://localhost:5181/app/node_modules/.vite/deps/chunk-VL3IZ2Q5.js?v=471963db:1851:15)
    at SVGGElement.<anonymous> (http://localhost:5181/app/src/views/BoxLineView.tsx?t=1779302292349:156:50)
    at Dispatch.call (http://localhost:5181/app/node_modules/.vite/deps/chunk-VL3IZ2Q5.js?v=471963db:1410:73)
    at Object.gesture [as mouse] (http://localhost:5181/app/node_modules/.vite/deps/chunk-VL3IZ2Q5.js?v=471963db:2473:17)
    at mousemoved (http://localhost:5181/app/node_modules/.vite/deps/chunk-VL3IZ2Q5.js?v=471963db:2405:14)
    at http://localhost:5181/app/node_modules/.vite/deps/chunk-VL3IZ2Q5.js?v=471963db:2072:14
[  257593ms] TypeError: this.setAttribute is not a function
    at http://localhost:5181/app/node_modules/.vite/deps/chunk-VL3IZ2Q5.js?v=471963db:1823:10
    at Selection.each_default [as each] (http://localhost:5181/app/node_modules/.vite/deps/chunk-VL3IZ2Q5.js?v=471963db:1804:38)
    at Selection.attr_default [as attr] (http://localhost:5181/app/node_modules/.vite/deps/chunk-VL3IZ2Q5.js?v=471963db:1851:15)
    at SVGGElement.<anonymous> (http://localhost:5181/app/src/views/BoxLineView.tsx?t=1779302292349:156:50)
    at Dispatch.call (http://localhost:5181/app/node_modules/.vite/deps/chunk-VL3IZ2Q5.js?v=471963db:1410:73)
    at Object.gesture [as mouse] (http://localhost:5181/app/node_modules/.vite/deps/chunk-VL3IZ2Q5.js?v=471963db:2473:17)
    at mousemoved (http://localhost:5181/app/node_modules/.vite/deps/chunk-VL3IZ2Q5.js?v=471963db:2405:14)
    at http://localhost:5181/app/node_modules/.vite/deps/chunk-VL3IZ2Q5.js?v=471963db:2072:14
[  580741ms] [INFO] %cDownload the React DevTools for a better development experience: https://react.dev/link/react-devtools font-weight:bold @ http://localhost:5181/app/node_modules/.vite/deps/react-dom_client.js?v=471963db:20102
[  583156ms] [INFO] %cDownload the React DevTools for a better development experience: https://react.dev/link/react-devtools font-weight:bold @ http://localhost:5181/app/node_modules/.vite/deps/react-dom_client.js?v=471963db:20102
[  585782ms] [INFO] %cDownload the React DevTools for a better development experience: https://react.dev/link/react-devtools font-weight:bold @ http://localhost:5181/app/node_modules/.vite/deps/react-dom_client.js?v=471963db:20102
[  700868ms] [INFO] %cDownload the React DevTools for a better development experience: https://react.dev/link/react-devtools font-weight:bold @ http://localhost:5181/app/node_modules/.vite/deps/react-dom_client.js?v=471963db:20102
