[     103ms] [INFO] %cDownload the React DevTools for a better development experience: https://react.dev/link/react-devtools font-weight:bold @ http://localhost:5179/app/node_modules/.vite/deps/react-dom_client.js?v=471963db:20102
[  187526ms] TypeError: this.setAttribute is not a function
    at http://localhost:5179/app/node_modules/.vite/deps/chunk-VL3IZ2Q5.js?v=471963db:1823:10
    at Selection.each_default [as each] (http://localhost:5179/app/node_modules/.vite/deps/chunk-VL3IZ2Q5.js?v=471963db:1804:38)
    at Selection.attr_default [as attr] (http://localhost:5179/app/node_modules/.vite/deps/chunk-VL3IZ2Q5.js?v=471963db:1851:15)
    at SVGGElement.<anonymous> (http://localhost:5179/app/src/views/BoxLineView.tsx?t=1779228686493:158:50)
    at Dispatch.call (http://localhost:5179/app/node_modules/.vite/deps/chunk-VL3IZ2Q5.js?v=471963db:1410:73)
    at Object.gesture [as mouse] (http://localhost:5179/app/node_modules/.vite/deps/chunk-VL3IZ2Q5.js?v=471963db:2473:17)
    at mousemoved (http://localhost:5179/app/node_modules/.vite/deps/chunk-VL3IZ2Q5.js?v=471963db:2405:14)
    at http://localhost:5179/app/node_modules/.vite/deps/chunk-VL3IZ2Q5.js?v=471963db:2072:14
[  187533ms] TypeError: this.setAttribute is not a function
    at http://localhost:5179/app/node_modules/.vite/deps/chunk-VL3IZ2Q5.js?v=471963db:1823:10
    at Selection.each_default [as each] (http://localhost:5179/app/node_modules/.vite/deps/chunk-VL3IZ2Q5.js?v=471963db:1804:38)
    at Selection.attr_default [as attr] (http://localhost:5179/app/node_modules/.vite/deps/chunk-VL3IZ2Q5.js?v=471963db:1851:15)
    at SVGGElement.<anonymous> (http://localhost:5179/app/src/views/BoxLineView.tsx?t=1779228686493:158:50)
    at Dispatch.call (http://localhost:5179/app/node_modules/.vite/deps/chunk-VL3IZ2Q5.js?v=471963db:1410:73)
    at Object.gesture [as mouse] (http://localhost:5179/app/node_modules/.vite/deps/chunk-VL3IZ2Q5.js?v=471963db:2473:17)
    at mousemoved (http://localhost:5179/app/node_modules/.vite/deps/chunk-VL3IZ2Q5.js?v=471963db:2405:14)
    at http://localhost:5179/app/node_modules/.vite/deps/chunk-VL3IZ2Q5.js?v=471963db:2072:14
[  187541ms] TypeError: this.setAttribute is not a function
    at http://localhost:5179/app/node_modules/.vite/deps/chunk-VL3IZ2Q5.js?v=471963db:1823:10
    at Selection.each_default [as each] (http://localhost:5179/app/node_modules/.vite/deps/chunk-VL3IZ2Q5.js?v=471963db:1804:38)
    at Selection.attr_default [as attr] (http://localhost:5179/app/node_modules/.vite/deps/chunk-VL3IZ2Q5.js?v=471963db:1851:15)
    at SVGGElement.<anonymous> (http://localhost:5179/app/src/views/BoxLineView.tsx?t=1779228686493:158:50)
    at Dispatch.call (http://localhost:5179/app/node_modules/.vite/deps/chunk-VL3IZ2Q5.js?v=471963db:1410:73)
    at Object.gesture [as mouse] (http://localhost:5179/app/node_modules/.vite/deps/chunk-VL3IZ2Q5.js?v=471963db:2473:17)
    at mousemoved (http://localhost:5179/app/node_modules/.vite/deps/chunk-VL3IZ2Q5.js?v=471963db:2405:14)
    at http://localhost:5179/app/node_modules/.vite/deps/chunk-VL3IZ2Q5.js?v=471963db:2072:14
[  187550ms] TypeError: this.setAttribute is not a function
    at http://localhost:5179/app/node_modules/.vite/deps/chunk-VL3IZ2Q5.js?v=471963db:1823:10
    at Selection.each_default [as each] (http://localhost:5179/app/node_modules/.vite/deps/chunk-VL3IZ2Q5.js?v=471963db:1804:38)
    at Selection.attr_default [as attr] (http://localhost:5179/app/node_modules/.vite/deps/chunk-VL3IZ2Q5.js?v=471963db:1851:15)
    at SVGGElement.<anonymous> (http://localhost:5179/app/src/views/BoxLineView.tsx?t=1779228686493:158:50)
    at Dispatch.call (http://localhost:5179/app/node_modules/.vite/deps/chunk-VL3IZ2Q5.js?v=471963db:1410:73)
    at Object.gesture [as mouse] (http://localhost:5179/app/node_modules/.vite/deps/chunk-VL3IZ2Q5.js?v=471963db:2473:17)
    at mousemoved (http://localhost:5179/app/node_modules/.vite/deps/chunk-VL3IZ2Q5.js?v=471963db:2405:14)
    at http://localhost:5179/app/node_modules/.vite/deps/chunk-VL3IZ2Q5.js?v=471963db:2072:14
[  187558ms] TypeError: this.setAttribute is not a function
    at http://localhost:5179/app/node_modules/.vite/deps/chunk-VL3IZ2Q5.js?v=471963db:1823:10
    at Selection.each_default [as each] (http://localhost:5179/app/node_modules/.vite/deps/chunk-VL3IZ2Q5.js?v=471963db:1804:38)
    at Selection.attr_default [as attr] (http://localhost:5179/app/node_modules/.vite/deps/chunk-VL3IZ2Q5.js?v=471963db:1851:15)
    at SVGGElement.<anonymous> (http://localhost:5179/app/src/views/BoxLineView.tsx?t=1779228686493:158:50)
    at Dispatch.call (http://localhost:5179/app/node_modules/.vite/deps/chunk-VL3IZ2Q5.js?v=471963db:1410:73)
    at Object.gesture [as mouse] (http://localhost:5179/app/node_modules/.vite/deps/chunk-VL3IZ2Q5.js?v=471963db:2473:17)
    at mousemoved (http://localhost:5179/app/node_modules/.vite/deps/chunk-VL3IZ2Q5.js?v=471963db:2405:14)
    at http://localhost:5179/app/node_modules/.vite/deps/chunk-VL3IZ2Q5.js?v=471963db:2072:14
[  187568ms] TypeError: this.setAttribute is not a function
    at http://localhost:5179/app/node_modules/.vite/deps/chunk-VL3IZ2Q5.js?v=471963db:1823:10
    at Selection.each_default [as each] (http://localhost:5179/app/node_modules/.vite/deps/chunk-VL3IZ2Q5.js?v=471963db:1804:38)
    at Selection.attr_default [as attr] (http://localhost:5179/app/node_modules/.vite/deps/chunk-VL3IZ2Q5.js?v=471963db:1851:15)
    at SVGGElement.<anonymous> (http://localhost:5179/app/src/views/BoxLineView.tsx?t=1779228686493:158:50)
    at Dispatch.call (http://localhost:5179/app/node_modules/.vite/deps/chunk-VL3IZ2Q5.js?v=471963db:1410:73)
    at Object.gesture [as mouse] (http://localhost:5179/app/node_modules/.vite/deps/chunk-VL3IZ2Q5.js?v=471963db:2473:17)
    at mousemoved (http://localhost:5179/app/node_modules/.vite/deps/chunk-VL3IZ2Q5.js?v=471963db:2405:14)
    at http://localhost:5179/app/node_modules/.vite/deps/chunk-VL3IZ2Q5.js?v=471963db:2072:14
[  187575ms] TypeError: this.setAttribute is not a function
    at http://localhost:5179/app/node_modules/.vite/deps/chunk-VL3IZ2Q5.js?v=471963db:1823:10
    at Selection.each_default [as each] (http://localhost:5179/app/node_modules/.vite/deps/chunk-VL3IZ2Q5.js?v=471963db:1804:38)
    at Selection.attr_default [as attr] (http://localhost:5179/app/node_modules/.vite/deps/chunk-VL3IZ2Q5.js?v=471963db:1851:15)
    at SVGGElement.<anonymous> (http://localhost:5179/app/src/views/BoxLineView.tsx?t=1779228686493:158:50)
    at Dispatch.call (http://localhost:5179/app/node_modules/.vite/deps/chunk-VL3IZ2Q5.js?v=471963db:1410:73)
    at Object.gesture [as mouse] (http://localhost:5179/app/node_modules/.vite/deps/chunk-VL3IZ2Q5.js?v=471963db:2473:17)
    at mousemoved (http://localhost:5179/app/node_modules/.vite/deps/chunk-VL3IZ2Q5.js?v=471963db:2405:14)
    at http://localhost:5179/app/node_modules/.vite/deps/chunk-VL3IZ2Q5.js?v=471963db:2072:14
[  187592ms] TypeError: this.setAttribute is not a function
    at http://localhost:5179/app/node_modules/.vite/deps/chunk-VL3IZ2Q5.js?v=471963db:1823:10
    at Selection.each_default [as each] (http://localhost:5179/app/node_modules/.vite/deps/chunk-VL3IZ2Q5.js?v=471963db:1804:38)
    at Selection.attr_default [as attr] (http://localhost:5179/app/node_modules/.vite/deps/chunk-VL3IZ2Q5.js?v=471963db:1851:15)
    at SVGGElement.<anonymous> (http://localhost:5179/app/src/views/BoxLineView.tsx?t=1779228686493:158:50)
    at Dispatch.call (http://localhost:5179/app/node_modules/.vite/deps/chunk-VL3IZ2Q5.js?v=471963db:1410:73)
    at Object.gesture [as mouse] (http://localhost:5179/app/node_modules/.vite/deps/chunk-VL3IZ2Q5.js?v=471963db:2473:17)
    at mousemoved (http://localhost:5179/app/node_modules/.vite/deps/chunk-VL3IZ2Q5.js?v=471963db:2405:14)
    at http://localhost:5179/app/node_modules/.vite/deps/chunk-VL3IZ2Q5.js?v=471963db:2072:14
[  187600ms] TypeError: this.setAttribute is not a function
    at http://localhost:5179/app/node_modules/.vite/deps/chunk-VL3IZ2Q5.js?v=471963db:1823:10
    at Selection.each_default [as each] (http://localhost:5179/app/node_modules/.vite/deps/chunk-VL3IZ2Q5.js?v=471963db:1804:38)
    at Selection.attr_default [as attr] (http://localhost:5179/app/node_modules/.vite/deps/chunk-VL3IZ2Q5.js?v=471963db:1851:15)
    at SVGGElement.<anonymous> (http://localhost:5179/app/src/views/BoxLineView.tsx?t=1779228686493:158:50)
    at Dispatch.call (http://localhost:5179/app/node_modules/.vite/deps/chunk-VL3IZ2Q5.js?v=471963db:1410:73)
    at Object.gesture [as mouse] (http://localhost:5179/app/node_modules/.vite/deps/chunk-VL3IZ2Q5.js?v=471963db:2473:17)
    at mousemoved (http://localhost:5179/app/node_modules/.vite/deps/chunk-VL3IZ2Q5.js?v=471963db:2405:14)
    at http://localhost:5179/app/node_modules/.vite/deps/chunk-VL3IZ2Q5.js?v=471963db:2072:14
[  187608ms] TypeError: this.setAttribute is not a function
    at http://localhost:5179/app/node_modules/.vite/deps/chunk-VL3IZ2Q5.js?v=471963db:1823:10
    at Selection.each_default [as each] (http://localhost:5179/app/node_modules/.vite/deps/chunk-VL3IZ2Q5.js?v=471963db:1804:38)
    at Selection.attr_default [as attr] (http://localhost:5179/app/node_modules/.vite/deps/chunk-VL3IZ2Q5.js?v=471963db:1851:15)
    at SVGGElement.<anonymous> (http://localhost:5179/app/src/views/BoxLineView.tsx?t=1779228686493:158:50)
    at Dispatch.call (http://localhost:5179/app/node_modules/.vite/deps/chunk-VL3IZ2Q5.js?v=471963db:1410:73)
    at Object.gesture [as mouse] (http://localhost:5179/app/node_modules/.vite/deps/chunk-VL3IZ2Q5.js?v=471963db:2473:17)
    at mousemoved (http://localhost:5179/app/node_modules/.vite/deps/chunk-VL3IZ2Q5.js?v=471963db:2405:14)
    at http://localhost:5179/app/node_modules/.vite/deps/chunk-VL3IZ2Q5.js?v=471963db:2072:14
[  187616ms] TypeError: this.setAttribute is not a function
    at http://localhost:5179/app/node_modules/.vite/deps/chunk-VL3IZ2Q5.js?v=471963db:1823:10
    at Selection.each_default [as each] (http://localhost:5179/app/node_modules/.vite/deps/chunk-VL3IZ2Q5.js?v=471963db:1804:38)
    at Selection.attr_default [as attr] (http://localhost:5179/app/node_modules/.vite/deps/chunk-VL3IZ2Q5.js?v=471963db:1851:15)
    at SVGGElement.<anonymous> (http://localhost:5179/app/src/views/BoxLineView.tsx?t=1779228686493:158:50)
    at Dispatch.call (http://localhost:5179/app/node_modules/.vite/deps/chunk-VL3IZ2Q5.js?v=471963db:1410:73)
    at Object.gesture [as mouse] (http://localhost:5179/app/node_modules/.vite/deps/chunk-VL3IZ2Q5.js?v=471963db:2473:17)
    at mousemoved (http://localhost:5179/app/node_modules/.vite/deps/chunk-VL3IZ2Q5.js?v=471963db:2405:14)
    at http://localhost:5179/app/node_modules/.vite/deps/chunk-VL3IZ2Q5.js?v=471963db:2072:14
[  187624ms] TypeError: this.setAttribute is not a function
    at http://localhost:5179/app/node_modules/.vite/deps/chunk-VL3IZ2Q5.js?v=471963db:1823:10
    at Selection.each_default [as each] (http://localhost:5179/app/node_modules/.vite/deps/chunk-VL3IZ2Q5.js?v=471963db:1804:38)
    at Selection.attr_default [as attr] (http://localhost:5179/app/node_modules/.vite/deps/chunk-VL3IZ2Q5.js?v=471963db:1851:15)
    at SVGGElement.<anonymous> (http://localhost:5179/app/src/views/BoxLineView.tsx?t=1779228686493:158:50)
    at Dispatch.call (http://localhost:5179/app/node_modules/.vite/deps/chunk-VL3IZ2Q5.js?v=471963db:1410:73)
    at Object.gesture [as mouse] (http://localhost:5179/app/node_modules/.vite/deps/chunk-VL3IZ2Q5.js?v=471963db:2473:17)
    at mousemoved (http://localhost:5179/app/node_modules/.vite/deps/chunk-VL3IZ2Q5.js?v=471963db:2405:14)
    at http://localhost:5179/app/node_modules/.vite/deps/chunk-VL3IZ2Q5.js?v=471963db:2072:14
[  187633ms] TypeError: this.setAttribute is not a function
    at http://localhost:5179/app/node_modules/.vite/deps/chunk-VL3IZ2Q5.js?v=471963db:1823:10
    at Selection.each_default [as each] (http://localhost:5179/app/node_modules/.vite/deps/chunk-VL3IZ2Q5.js?v=471963db:1804:38)
    at Selection.attr_default [as attr] (http://localhost:5179/app/node_modules/.vite/deps/chunk-VL3IZ2Q5.js?v=471963db:1851:15)
    at SVGGElement.<anonymous> (http://localhost:5179/app/src/views/BoxLineView.tsx?t=1779228686493:158:50)
    at Dispatch.call (http://localhost:5179/app/node_modules/.vite/deps/chunk-VL3IZ2Q5.js?v=471963db:1410:73)
    at Object.gesture [as mouse] (http://localhost:5179/app/node_modules/.vite/deps/chunk-VL3IZ2Q5.js?v=471963db:2473:17)
    at mousemoved (http://localhost:5179/app/node_modules/.vite/deps/chunk-VL3IZ2Q5.js?v=471963db:2405:14)
    at http://localhost:5179/app/node_modules/.vite/deps/chunk-VL3IZ2Q5.js?v=471963db:2072:14
[  187641ms] TypeError: this.setAttribute is not a function
    at http://localhost:5179/app/node_modules/.vite/deps/chunk-VL3IZ2Q5.js?v=471963db:1823:10
    at Selection.each_default [as each] (http://localhost:5179/app/node_modules/.vite/deps/chunk-VL3IZ2Q5.js?v=471963db:1804:38)
    at Selection.attr_default [as attr] (http://localhost:5179/app/node_modules/.vite/deps/chunk-VL3IZ2Q5.js?v=471963db:1851:15)
    at SVGGElement.<anonymous> (http://localhost:5179/app/src/views/BoxLineView.tsx?t=1779228686493:158:50)
    at Dispatch.call (http://localhost:5179/app/node_modules/.vite/deps/chunk-VL3IZ2Q5.js?v=471963db:1410:73)
    at Object.gesture [as mouse] (http://localhost:5179/app/node_modules/.vite/deps/chunk-VL3IZ2Q5.js?v=471963db:2473:17)
    at mousemoved (http://localhost:5179/app/node_modules/.vite/deps/chunk-VL3IZ2Q5.js?v=471963db:2405:14)
    at http://localhost:5179/app/node_modules/.vite/deps/chunk-VL3IZ2Q5.js?v=471963db:2072:14
[  187650ms] TypeError: this.setAttribute is not a function
    at http://localhost:5179/app/node_modules/.vite/deps/chunk-VL3IZ2Q5.js?v=471963db:1823:10
    at Selection.each_default [as each] (http://localhost:5179/app/node_modules/.vite/deps/chunk-VL3IZ2Q5.js?v=471963db:1804:38)
    at Selection.attr_default [as attr] (http://localhost:5179/app/node_modules/.vite/deps/chunk-VL3IZ2Q5.js?v=471963db:1851:15)
    at SVGGElement.<anonymous> (http://localhost:5179/app/src/views/BoxLineView.tsx?t=1779228686493:158:50)
    at Dispatch.call (http://localhost:5179/app/node_modules/.vite/deps/chunk-VL3IZ2Q5.js?v=471963db:1410:73)
    at Object.gesture [as mouse] (http://localhost:5179/app/node_modules/.vite/deps/chunk-VL3IZ2Q5.js?v=471963db:2473:17)
    at mousemoved (http://localhost:5179/app/node_modules/.vite/deps/chunk-VL3IZ2Q5.js?v=471963db:2405:14)
    at http://localhost:5179/app/node_modules/.vite/deps/chunk-VL3IZ2Q5.js?v=471963db:2072:14
[  187658ms] TypeError: this.setAttribute is not a function
    at http://localhost:5179/app/node_modules/.vite/deps/chunk-VL3IZ2Q5.js?v=471963db:1823:10
    at Selection.each_default [as each] (http://localhost:5179/app/node_modules/.vite/deps/chunk-VL3IZ2Q5.js?v=471963db:1804:38)
    at Selection.attr_default [as attr] (http://localhost:5179/app/node_modules/.vite/deps/chunk-VL3IZ2Q5.js?v=471963db:1851:15)
    at SVGGElement.<anonymous> (http://localhost:5179/app/src/views/BoxLineView.tsx?t=1779228686493:158:50)
    at Dispatch.call (http://localhost:5179/app/node_modules/.vite/deps/chunk-VL3IZ2Q5.js?v=471963db:1410:73)
    at Object.gesture [as mouse] (http://localhost:5179/app/node_modules/.vite/deps/chunk-VL3IZ2Q5.js?v=471963db:2473:17)
    at mousemoved (http://localhost:5179/app/node_modules/.vite/deps/chunk-VL3IZ2Q5.js?v=471963db:2405:14)
    at http://localhost:5179/app/node_modules/.vite/deps/chunk-VL3IZ2Q5.js?v=471963db:2072:14
[  187666ms] TypeError: this.setAttribute is not a function
    at http://localhost:5179/app/node_modules/.vite/deps/chunk-VL3IZ2Q5.js?v=471963db:1823:10
    at Selection.each_default [as each] (http://localhost:5179/app/node_modules/.vite/deps/chunk-VL3IZ2Q5.js?v=471963db:1804:38)
    at Selection.attr_default [as attr] (http://localhost:5179/app/node_modules/.vite/deps/chunk-VL3IZ2Q5.js?v=471963db:1851:15)
    at SVGGElement.<anonymous> (http://localhost:5179/app/src/views/BoxLineView.tsx?t=1779228686493:158:50)
    at Dispatch.call (http://localhost:5179/app/node_modules/.vite/deps/chunk-VL3IZ2Q5.js?v=471963db:1410:73)
    at Object.gesture [as mouse] (http://localhost:5179/app/node_modules/.vite/deps/chunk-VL3IZ2Q5.js?v=471963db:2473:17)
    at mousemoved (http://localhost:5179/app/node_modules/.vite/deps/chunk-VL3IZ2Q5.js?v=471963db:2405:14)
    at http://localhost:5179/app/node_modules/.vite/deps/chunk-VL3IZ2Q5.js?v=471963db:2072:14
[  187674ms] TypeError: this.setAttribute is not a function
    at http://localhost:5179/app/node_modules/.vite/deps/chunk-VL3IZ2Q5.js?v=471963db:1823:10
    at Selection.each_default [as each] (http://localhost:5179/app/node_modules/.vite/deps/chunk-VL3IZ2Q5.js?v=471963db:1804:38)
    at Selection.attr_default [as attr] (http://localhost:5179/app/node_modules/.vite/deps/chunk-VL3IZ2Q5.js?v=471963db:1851:15)
    at SVGGElement.<anonymous> (http://localhost:5179/app/src/views/BoxLineView.tsx?t=1779228686493:158:50)
    at Dispatch.call (http://localhost:5179/app/node_modules/.vite/deps/chunk-VL3IZ2Q5.js?v=471963db:1410:73)
    at Object.gesture [as mouse] (http://localhost:5179/app/node_modules/.vite/deps/chunk-VL3IZ2Q5.js?v=471963db:2473:17)
    at mousemoved (http://localhost:5179/app/node_modules/.vite/deps/chunk-VL3IZ2Q5.js?v=471963db:2405:14)
    at http://localhost:5179/app/node_modules/.vite/deps/chunk-VL3IZ2Q5.js?v=471963db:2072:14
[  187683ms] TypeError: this.setAttribute is not a function
    at http://localhost:5179/app/node_modules/.vite/deps/chunk-VL3IZ2Q5.js?v=471963db:1823:10
    at Selection.each_default [as each] (http://localhost:5179/app/node_modules/.vite/deps/chunk-VL3IZ2Q5.js?v=471963db:1804:38)
    at Selection.attr_default [as attr] (http://localhost:5179/app/node_modules/.vite/deps/chunk-VL3IZ2Q5.js?v=471963db:1851:15)
    at SVGGElement.<anonymous> (http://localhost:5179/app/src/views/BoxLineView.tsx?t=1779228686493:158:50)
    at Dispatch.call (http://localhost:5179/app/node_modules/.vite/deps/chunk-VL3IZ2Q5.js?v=471963db:1410:73)
    at Object.gesture [as mouse] (http://localhost:5179/app/node_modules/.vite/deps/chunk-VL3IZ2Q5.js?v=471963db:2473:17)
    at mousemoved (http://localhost:5179/app/node_modules/.vite/deps/chunk-VL3IZ2Q5.js?v=471963db:2405:14)
    at http://localhost:5179/app/node_modules/.vite/deps/chunk-VL3IZ2Q5.js?v=471963db:2072:14
[  187691ms] TypeError: this.setAttribute is not a function
    at http://localhost:5179/app/node_modules/.vite/deps/chunk-VL3IZ2Q5.js?v=471963db:1823:10
    at Selection.each_default [as each] (http://localhost:5179/app/node_modules/.vite/deps/chunk-VL3IZ2Q5.js?v=471963db:1804:38)
    at Selection.attr_default [as attr] (http://localhost:5179/app/node_modules/.vite/deps/chunk-VL3IZ2Q5.js?v=471963db:1851:15)
    at SVGGElement.<anonymous> (http://localhost:5179/app/src/views/BoxLineView.tsx?t=1779228686493:158:50)
    at Dispatch.call (http://localhost:5179/app/node_modules/.vite/deps/chunk-VL3IZ2Q5.js?v=471963db:1410:73)
    at Object.gesture [as mouse] (http://localhost:5179/app/node_modules/.vite/deps/chunk-VL3IZ2Q5.js?v=471963db:2473:17)
    at mousemoved (http://localhost:5179/app/node_modules/.vite/deps/chunk-VL3IZ2Q5.js?v=471963db:2405:14)
    at http://localhost:5179/app/node_modules/.vite/deps/chunk-VL3IZ2Q5.js?v=471963db:2072:14
[  187700ms] TypeError: this.setAttribute is not a function
    at http://localhost:5179/app/node_modules/.vite/deps/chunk-VL3IZ2Q5.js?v=471963db:1823:10
    at Selection.each_default [as each] (http://localhost:5179/app/node_modules/.vite/deps/chunk-VL3IZ2Q5.js?v=471963db:1804:38)
    at Selection.attr_default [as attr] (http://localhost:5179/app/node_modules/.vite/deps/chunk-VL3IZ2Q5.js?v=471963db:1851:15)
    at SVGGElement.<anonymous> (http://localhost:5179/app/src/views/BoxLineView.tsx?t=1779228686493:158:50)
    at Dispatch.call (http://localhost:5179/app/node_modules/.vite/deps/chunk-VL3IZ2Q5.js?v=471963db:1410:73)
    at Object.gesture [as mouse] (http://localhost:5179/app/node_modules/.vite/deps/chunk-VL3IZ2Q5.js?v=471963db:2473:17)
    at mousemoved (http://localhost:5179/app/node_modules/.vite/deps/chunk-VL3IZ2Q5.js?v=471963db:2405:14)
    at http://localhost:5179/app/node_modules/.vite/deps/chunk-VL3IZ2Q5.js?v=471963db:2072:14
[  187715ms] TypeError: this.setAttribute is not a function
    at http://localhost:5179/app/node_modules/.vite/deps/chunk-VL3IZ2Q5.js?v=471963db:1823:10
    at Selection.each_default [as each] (http://localhost:5179/app/node_modules/.vite/deps/chunk-VL3IZ2Q5.js?v=471963db:1804:38)
    at Selection.attr_default [as attr] (http://localhost:5179/app/node_modules/.vite/deps/chunk-VL3IZ2Q5.js?v=471963db:1851:15)
    at SVGGElement.<anonymous> (http://localhost:5179/app/src/views/BoxLineView.tsx?t=1779228686493:158:50)
    at Dispatch.call (http://localhost:5179/app/node_modules/.vite/deps/chunk-VL3IZ2Q5.js?v=471963db:1410:73)
    at Object.gesture [as mouse] (http://localhost:5179/app/node_modules/.vite/deps/chunk-VL3IZ2Q5.js?v=471963db:2473:17)
    at mousemoved (http://localhost:5179/app/node_modules/.vite/deps/chunk-VL3IZ2Q5.js?v=471963db:2405:14)
    at http://localhost:5179/app/node_modules/.vite/deps/chunk-VL3IZ2Q5.js?v=471963db:2072:14
[  187742ms] TypeError: this.setAttribute is not a function
    at http://localhost:5179/app/node_modules/.vite/deps/chunk-VL3IZ2Q5.js?v=471963db:1823:10
    at Selection.each_default [as each] (http://localhost:5179/app/node_modules/.vite/deps/chunk-VL3IZ2Q5.js?v=471963db:1804:38)
    at Selection.attr_default [as attr] (http://localhost:5179/app/node_modules/.vite/deps/chunk-VL3IZ2Q5.js?v=471963db:1851:15)
    at SVGGElement.<anonymous> (http://localhost:5179/app/src/views/BoxLineView.tsx?t=1779228686493:158:50)
    at Dispatch.call (http://localhost:5179/app/node_modules/.vite/deps/chunk-VL3IZ2Q5.js?v=471963db:1410:73)
    at Object.gesture [as mouse] (http://localhost:5179/app/node_modules/.vite/deps/chunk-VL3IZ2Q5.js?v=471963db:2473:17)
    at mousemoved (http://localhost:5179/app/node_modules/.vite/deps/chunk-VL3IZ2Q5.js?v=471963db:2405:14)
    at http://localhost:5179/app/node_modules/.vite/deps/chunk-VL3IZ2Q5.js?v=471963db:2072:14
[  187758ms] TypeError: this.setAttribute is not a function
    at http://localhost:5179/app/node_modules/.vite/deps/chunk-VL3IZ2Q5.js?v=471963db:1823:10
    at Selection.each_default [as each] (http://localhost:5179/app/node_modules/.vite/deps/chunk-VL3IZ2Q5.js?v=471963db:1804:38)
    at Selection.attr_default [as attr] (http://localhost:5179/app/node_modules/.vite/deps/chunk-VL3IZ2Q5.js?v=471963db:1851:15)
    at SVGGElement.<anonymous> (http://localhost:5179/app/src/views/BoxLineView.tsx?t=1779228686493:158:50)
    at Dispatch.call (http://localhost:5179/app/node_modules/.vite/deps/chunk-VL3IZ2Q5.js?v=471963db:1410:73)
    at Object.gesture [as mouse] (http://localhost:5179/app/node_modules/.vite/deps/chunk-VL3IZ2Q5.js?v=471963db:2473:17)
    at mousemoved (http://localhost:5179/app/node_modules/.vite/deps/chunk-VL3IZ2Q5.js?v=471963db:2405:14)
    at http://localhost:5179/app/node_modules/.vite/deps/chunk-VL3IZ2Q5.js?v=471963db:2072:14
[  187767ms] TypeError: this.setAttribute is not a function
    at http://localhost:5179/app/node_modules/.vite/deps/chunk-VL3IZ2Q5.js?v=471963db:1823:10
    at Selection.each_default [as each] (http://localhost:5179/app/node_modules/.vite/deps/chunk-VL3IZ2Q5.js?v=471963db:1804:38)
    at Selection.attr_default [as attr] (http://localhost:5179/app/node_modules/.vite/deps/chunk-VL3IZ2Q5.js?v=471963db:1851:15)
    at SVGGElement.<anonymous> (http://localhost:5179/app/src/views/BoxLineView.tsx?t=1779228686493:158:50)
    at Dispatch.call (http://localhost:5179/app/node_modules/.vite/deps/chunk-VL3IZ2Q5.js?v=471963db:1410:73)
    at Object.gesture [as mouse] (http://localhost:5179/app/node_modules/.vite/deps/chunk-VL3IZ2Q5.js?v=471963db:2473:17)
    at mousemoved (http://localhost:5179/app/node_modules/.vite/deps/chunk-VL3IZ2Q5.js?v=471963db:2405:14)
    at http://localhost:5179/app/node_modules/.vite/deps/chunk-VL3IZ2Q5.js?v=471963db:2072:14
[  187775ms] TypeError: this.setAttribute is not a function
    at http://localhost:5179/app/node_modules/.vite/deps/chunk-VL3IZ2Q5.js?v=471963db:1823:10
    at Selection.each_default [as each] (http://localhost:5179/app/node_modules/.vite/deps/chunk-VL3IZ2Q5.js?v=471963db:1804:38)
    at Selection.attr_default [as attr] (http://localhost:5179/app/node_modules/.vite/deps/chunk-VL3IZ2Q5.js?v=471963db:1851:15)
    at SVGGElement.<anonymous> (http://localhost:5179/app/src/views/BoxLineView.tsx?t=1779228686493:158:50)
    at Dispatch.call (http://localhost:5179/app/node_modules/.vite/deps/chunk-VL3IZ2Q5.js?v=471963db:1410:73)
    at Object.gesture [as mouse] (http://localhost:5179/app/node_modules/.vite/deps/chunk-VL3IZ2Q5.js?v=471963db:2473:17)
    at mousemoved (http://localhost:5179/app/node_modules/.vite/deps/chunk-VL3IZ2Q5.js?v=471963db:2405:14)
    at http://localhost:5179/app/node_modules/.vite/deps/chunk-VL3IZ2Q5.js?v=471963db:2072:14
[  187783ms] TypeError: this.setAttribute is not a function
    at http://localhost:5179/app/node_modules/.vite/deps/chunk-VL3IZ2Q5.js?v=471963db:1823:10
    at Selection.each_default [as each] (http://localhost:5179/app/node_modules/.vite/deps/chunk-VL3IZ2Q5.js?v=471963db:1804:38)
    at Selection.attr_default [as attr] (http://localhost:5179/app/node_modules/.vite/deps/chunk-VL3IZ2Q5.js?v=471963db:1851:15)
    at SVGGElement.<anonymous> (http://localhost:5179/app/src/views/BoxLineView.tsx?t=1779228686493:158:50)
    at Dispatch.call (http://localhost:5179/app/node_modules/.vite/deps/chunk-VL3IZ2Q5.js?v=471963db:1410:73)
    at Object.gesture [as mouse] (http://localhost:5179/app/node_modules/.vite/deps/chunk-VL3IZ2Q5.js?v=471963db:2473:17)
    at mousemoved (http://localhost:5179/app/node_modules/.vite/deps/chunk-VL3IZ2Q5.js?v=471963db:2405:14)
    at http://localhost:5179/app/node_modules/.vite/deps/chunk-VL3IZ2Q5.js?v=471963db:2072:14
[  187790ms] TypeError: this.setAttribute is not a function
    at http://localhost:5179/app/node_modules/.vite/deps/chunk-VL3IZ2Q5.js?v=471963db:1823:10
    at Selection.each_default [as each] (http://localhost:5179/app/node_modules/.vite/deps/chunk-VL3IZ2Q5.js?v=471963db:1804:38)
    at Selection.attr_default [as attr] (http://localhost:5179/app/node_modules/.vite/deps/chunk-VL3IZ2Q5.js?v=471963db:1851:15)
    at SVGGElement.<anonymous> (http://localhost:5179/app/src/views/BoxLineView.tsx?t=1779228686493:158:50)
    at Dispatch.call (http://localhost:5179/app/node_modules/.vite/deps/chunk-VL3IZ2Q5.js?v=471963db:1410:73)
    at Object.gesture [as mouse] (http://localhost:5179/app/node_modules/.vite/deps/chunk-VL3IZ2Q5.js?v=471963db:2473:17)
    at mousemoved (http://localhost:5179/app/node_modules/.vite/deps/chunk-VL3IZ2Q5.js?v=471963db:2405:14)
    at http://localhost:5179/app/node_modules/.vite/deps/chunk-VL3IZ2Q5.js?v=471963db:2072:14
[  187800ms] TypeError: this.setAttribute is not a function
    at http://localhost:5179/app/node_modules/.vite/deps/chunk-VL3IZ2Q5.js?v=471963db:1823:10
    at Selection.each_default [as each] (http://localhost:5179/app/node_modules/.vite/deps/chunk-VL3IZ2Q5.js?v=471963db:1804:38)
    at Selection.attr_default [as attr] (http://localhost:5179/app/node_modules/.vite/deps/chunk-VL3IZ2Q5.js?v=471963db:1851:15)
    at SVGGElement.<anonymous> (http://localhost:5179/app/src/views/BoxLineView.tsx?t=1779228686493:158:50)
    at Dispatch.call (http://localhost:5179/app/node_modules/.vite/deps/chunk-VL3IZ2Q5.js?v=471963db:1410:73)
    at Object.gesture [as mouse] (http://localhost:5179/app/node_modules/.vite/deps/chunk-VL3IZ2Q5.js?v=471963db:2473:17)
    at mousemoved (http://localhost:5179/app/node_modules/.vite/deps/chunk-VL3IZ2Q5.js?v=471963db:2405:14)
    at http://localhost:5179/app/node_modules/.vite/deps/chunk-VL3IZ2Q5.js?v=471963db:2072:14
[  187808ms] TypeError: this.setAttribute is not a function
    at http://localhost:5179/app/node_modules/.vite/deps/chunk-VL3IZ2Q5.js?v=471963db:1823:10
    at Selection.each_default [as each] (http://localhost:5179/app/node_modules/.vite/deps/chunk-VL3IZ2Q5.js?v=471963db:1804:38)
    at Selection.attr_default [as attr] (http://localhost:5179/app/node_modules/.vite/deps/chunk-VL3IZ2Q5.js?v=471963db:1851:15)
    at SVGGElement.<anonymous> (http://localhost:5179/app/src/views/BoxLineView.tsx?t=1779228686493:158:50)
    at Dispatch.call (http://localhost:5179/app/node_modules/.vite/deps/chunk-VL3IZ2Q5.js?v=471963db:1410:73)
    at Object.gesture [as mouse] (http://localhost:5179/app/node_modules/.vite/deps/chunk-VL3IZ2Q5.js?v=471963db:2473:17)
    at mousemoved (http://localhost:5179/app/node_modules/.vite/deps/chunk-VL3IZ2Q5.js?v=471963db:2405:14)
    at http://localhost:5179/app/node_modules/.vite/deps/chunk-VL3IZ2Q5.js?v=471963db:2072:14
[  187816ms] TypeError: this.setAttribute is not a function
    at http://localhost:5179/app/node_modules/.vite/deps/chunk-VL3IZ2Q5.js?v=471963db:1823:10
    at Selection.each_default [as each] (http://localhost:5179/app/node_modules/.vite/deps/chunk-VL3IZ2Q5.js?v=471963db:1804:38)
    at Selection.attr_default [as attr] (http://localhost:5179/app/node_modules/.vite/deps/chunk-VL3IZ2Q5.js?v=471963db:1851:15)
    at SVGGElement.<anonymous> (http://localhost:5179/app/src/views/BoxLineView.tsx?t=1779228686493:158:50)
    at Dispatch.call (http://localhost:5179/app/node_modules/.vite/deps/chunk-VL3IZ2Q5.js?v=471963db:1410:73)
    at Object.gesture [as mouse] (http://localhost:5179/app/node_modules/.vite/deps/chunk-VL3IZ2Q5.js?v=471963db:2473:17)
    at mousemoved (http://localhost:5179/app/node_modules/.vite/deps/chunk-VL3IZ2Q5.js?v=471963db:2405:14)
    at http://localhost:5179/app/node_modules/.vite/deps/chunk-VL3IZ2Q5.js?v=471963db:2072:14
[  187825ms] TypeError: this.setAttribute is not a function
    at http://localhost:5179/app/node_modules/.vite/deps/chunk-VL3IZ2Q5.js?v=471963db:1823:10
    at Selection.each_default [as each] (http://localhost:5179/app/node_modules/.vite/deps/chunk-VL3IZ2Q5.js?v=471963db:1804:38)
    at Selection.attr_default [as attr] (http://localhost:5179/app/node_modules/.vite/deps/chunk-VL3IZ2Q5.js?v=471963db:1851:15)
    at SVGGElement.<anonymous> (http://localhost:5179/app/src/views/BoxLineView.tsx?t=1779228686493:158:50)
    at Dispatch.call (http://localhost:5179/app/node_modules/.vite/deps/chunk-VL3IZ2Q5.js?v=471963db:1410:73)
    at Object.gesture [as mouse] (http://localhost:5179/app/node_modules/.vite/deps/chunk-VL3IZ2Q5.js?v=471963db:2473:17)
    at mousemoved (http://localhost:5179/app/node_modules/.vite/deps/chunk-VL3IZ2Q5.js?v=471963db:2405:14)
    at http://localhost:5179/app/node_modules/.vite/deps/chunk-VL3IZ2Q5.js?v=471963db:2072:14
[  187833ms] TypeError: this.setAttribute is not a function
    at http://localhost:5179/app/node_modules/.vite/deps/chunk-VL3IZ2Q5.js?v=471963db:1823:10
    at Selection.each_default [as each] (http://localhost:5179/app/node_modules/.vite/deps/chunk-VL3IZ2Q5.js?v=471963db:1804:38)
    at Selection.attr_default [as attr] (http://localhost:5179/app/node_modules/.vite/deps/chunk-VL3IZ2Q5.js?v=471963db:1851:15)
    at SVGGElement.<anonymous> (http://localhost:5179/app/src/views/BoxLineView.tsx?t=1779228686493:158:50)
    at Dispatch.call (http://localhost:5179/app/node_modules/.vite/deps/chunk-VL3IZ2Q5.js?v=471963db:1410:73)
    at Object.gesture [as mouse] (http://localhost:5179/app/node_modules/.vite/deps/chunk-VL3IZ2Q5.js?v=471963db:2473:17)
    at mousemoved (http://localhost:5179/app/node_modules/.vite/deps/chunk-VL3IZ2Q5.js?v=471963db:2405:14)
    at http://localhost:5179/app/node_modules/.vite/deps/chunk-VL3IZ2Q5.js?v=471963db:2072:14
[  187841ms] TypeError: this.setAttribute is not a function
    at http://localhost:5179/app/node_modules/.vite/deps/chunk-VL3IZ2Q5.js?v=471963db:1823:10
    at Selection.each_default [as each] (http://localhost:5179/app/node_modules/.vite/deps/chunk-VL3IZ2Q5.js?v=471963db:1804:38)
    at Selection.attr_default [as attr] (http://localhost:5179/app/node_modules/.vite/deps/chunk-VL3IZ2Q5.js?v=471963db:1851:15)
    at SVGGElement.<anonymous> (http://localhost:5179/app/src/views/BoxLineView.tsx?t=1779228686493:158:50)
    at Dispatch.call (http://localhost:5179/app/node_modules/.vite/deps/chunk-VL3IZ2Q5.js?v=471963db:1410:73)
    at Object.gesture [as mouse] (http://localhost:5179/app/node_modules/.vite/deps/chunk-VL3IZ2Q5.js?v=471963db:2473:17)
    at mousemoved (http://localhost:5179/app/node_modules/.vite/deps/chunk-VL3IZ2Q5.js?v=471963db:2405:14)
    at http://localhost:5179/app/node_modules/.vite/deps/chunk-VL3IZ2Q5.js?v=471963db:2072:14
[  187850ms] TypeError: this.setAttribute is not a function
    at http://localhost:5179/app/node_modules/.vite/deps/chunk-VL3IZ2Q5.js?v=471963db:1823:10
    at Selection.each_default [as each] (http://localhost:5179/app/node_modules/.vite/deps/chunk-VL3IZ2Q5.js?v=471963db:1804:38)
    at Selection.attr_default [as attr] (http://localhost:5179/app/node_modules/.vite/deps/chunk-VL3IZ2Q5.js?v=471963db:1851:15)
    at SVGGElement.<anonymous> (http://localhost:5179/app/src/views/BoxLineView.tsx?t=1779228686493:158:50)
    at Dispatch.call (http://localhost:5179/app/node_modules/.vite/deps/chunk-VL3IZ2Q5.js?v=471963db:1410:73)
    at Object.gesture [as mouse] (http://localhost:5179/app/node_modules/.vite/deps/chunk-VL3IZ2Q5.js?v=471963db:2473:17)
    at mousemoved (http://localhost:5179/app/node_modules/.vite/deps/chunk-VL3IZ2Q5.js?v=471963db:2405:14)
    at http://localhost:5179/app/node_modules/.vite/deps/chunk-VL3IZ2Q5.js?v=471963db:2072:14
[  187858ms] TypeError: this.setAttribute is not a function
    at http://localhost:5179/app/node_modules/.vite/deps/chunk-VL3IZ2Q5.js?v=471963db:1823:10
    at Selection.each_default [as each] (http://localhost:5179/app/node_modules/.vite/deps/chunk-VL3IZ2Q5.js?v=471963db:1804:38)
    at Selection.attr_default [as attr] (http://localhost:5179/app/node_modules/.vite/deps/chunk-VL3IZ2Q5.js?v=471963db:1851:15)
    at SVGGElement.<anonymous> (http://localhost:5179/app/src/views/BoxLineView.tsx?t=1779228686493:158:50)
    at Dispatch.call (http://localhost:5179/app/node_modules/.vite/deps/chunk-VL3IZ2Q5.js?v=471963db:1410:73)
    at Object.gesture [as mouse] (http://localhost:5179/app/node_modules/.vite/deps/chunk-VL3IZ2Q5.js?v=471963db:2473:17)
    at mousemoved (http://localhost:5179/app/node_modules/.vite/deps/chunk-VL3IZ2Q5.js?v=471963db:2405:14)
    at http://localhost:5179/app/node_modules/.vite/deps/chunk-VL3IZ2Q5.js?v=471963db:2072:14
[  201537ms] TypeError: this.setAttribute is not a function
    at http://localhost:5179/app/node_modules/.vite/deps/chunk-VL3IZ2Q5.js?v=471963db:1823:10
    at Selection.each_default [as each] (http://localhost:5179/app/node_modules/.vite/deps/chunk-VL3IZ2Q5.js?v=471963db:1804:38)
    at Selection.attr_default [as attr] (http://localhost:5179/app/node_modules/.vite/deps/chunk-VL3IZ2Q5.js?v=471963db:1851:15)
    at SVGGElement.<anonymous> (http://localhost:5179/app/src/views/BoxLineView.tsx?t=1779228686493:158:50)
    at Dispatch.call (http://localhost:5179/app/node_modules/.vite/deps/chunk-VL3IZ2Q5.js?v=471963db:1410:73)
    at Object.gesture [as mouse] (http://localhost:5179/app/node_modules/.vite/deps/chunk-VL3IZ2Q5.js?v=471963db:2473:17)
    at mousemoved (http://localhost:5179/app/node_modules/.vite/deps/chunk-VL3IZ2Q5.js?v=471963db:2405:14)
    at http://localhost:5179/app/node_modules/.vite/deps/chunk-VL3IZ2Q5.js?v=471963db:2072:14
[  201545ms] TypeError: this.setAttribute is not a function
    at http://localhost:5179/app/node_modules/.vite/deps/chunk-VL3IZ2Q5.js?v=471963db:1823:10
    at Selection.each_default [as each] (http://localhost:5179/app/node_modules/.vite/deps/chunk-VL3IZ2Q5.js?v=471963db:1804:38)
    at Selection.attr_default [as attr] (http://localhost:5179/app/node_modules/.vite/deps/chunk-VL3IZ2Q5.js?v=471963db:1851:15)
    at SVGGElement.<anonymous> (http://localhost:5179/app/src/views/BoxLineView.tsx?t=1779228686493:158:50)
    at Dispatch.call (http://localhost:5179/app/node_modules/.vite/deps/chunk-VL3IZ2Q5.js?v=471963db:1410:73)
    at Object.gesture [as mouse] (http://localhost:5179/app/node_modules/.vite/deps/chunk-VL3IZ2Q5.js?v=471963db:2473:17)
    at mousemoved (http://localhost:5179/app/node_modules/.vite/deps/chunk-VL3IZ2Q5.js?v=471963db:2405:14)
    at http://localhost:5179/app/node_modules/.vite/deps/chunk-VL3IZ2Q5.js?v=471963db:2072:14
[  201553ms] TypeError: this.setAttribute is not a function
    at http://localhost:5179/app/node_modules/.vite/deps/chunk-VL3IZ2Q5.js?v=471963db:1823:10
    at Selection.each_default [as each] (http://localhost:5179/app/node_modules/.vite/deps/chunk-VL3IZ2Q5.js?v=471963db:1804:38)
    at Selection.attr_default [as attr] (http://localhost:5179/app/node_modules/.vite/deps/chunk-VL3IZ2Q5.js?v=471963db:1851:15)
    at SVGGElement.<anonymous> (http://localhost:5179/app/src/views/BoxLineView.tsx?t=1779228686493:158:50)
    at Dispatch.call (http://localhost:5179/app/node_modules/.vite/deps/chunk-VL3IZ2Q5.js?v=471963db:1410:73)
    at Object.gesture [as mouse] (http://localhost:5179/app/node_modules/.vite/deps/chunk-VL3IZ2Q5.js?v=471963db:2473:17)
    at mousemoved (http://localhost:5179/app/node_modules/.vite/deps/chunk-VL3IZ2Q5.js?v=471963db:2405:14)
    at http://localhost:5179/app/node_modules/.vite/deps/chunk-VL3IZ2Q5.js?v=471963db:2072:14
[  201562ms] TypeError: this.setAttribute is not a function
    at http://localhost:5179/app/node_modules/.vite/deps/chunk-VL3IZ2Q5.js?v=471963db:1823:10
    at Selection.each_default [as each] (http://localhost:5179/app/node_modules/.vite/deps/chunk-VL3IZ2Q5.js?v=471963db:1804:38)
    at Selection.attr_default [as attr] (http://localhost:5179/app/node_modules/.vite/deps/chunk-VL3IZ2Q5.js?v=471963db:1851:15)
    at SVGGElement.<anonymous> (http://localhost:5179/app/src/views/BoxLineView.tsx?t=1779228686493:158:50)
    at Dispatch.call (http://localhost:5179/app/node_modules/.vite/deps/chunk-VL3IZ2Q5.js?v=471963db:1410:73)
    at Object.gesture [as mouse] (http://localhost:5179/app/node_modules/.vite/deps/chunk-VL3IZ2Q5.js?v=471963db:2473:17)
    at mousemoved (http://localhost:5179/app/node_modules/.vite/deps/chunk-VL3IZ2Q5.js?v=471963db:2405:14)
    at http://localhost:5179/app/node_modules/.vite/deps/chunk-VL3IZ2Q5.js?v=471963db:2072:14
[  201571ms] TypeError: this.setAttribute is not a function
    at http://localhost:5179/app/node_modules/.vite/deps/chunk-VL3IZ2Q5.js?v=471963db:1823:10
    at Selection.each_default [as each] (http://localhost:5179/app/node_modules/.vite/deps/chunk-VL3IZ2Q5.js?v=471963db:1804:38)
    at Selection.attr_default [as attr] (http://localhost:5179/app/node_modules/.vite/deps/chunk-VL3IZ2Q5.js?v=471963db:1851:15)
    at SVGGElement.<anonymous> (http://localhost:5179/app/src/views/BoxLineView.tsx?t=1779228686493:158:50)
    at Dispatch.call (http://localhost:5179/app/node_modules/.vite/deps/chunk-VL3IZ2Q5.js?v=471963db:1410:73)
    at Object.gesture [as mouse] (http://localhost:5179/app/node_modules/.vite/deps/chunk-VL3IZ2Q5.js?v=471963db:2473:17)
    at mousemoved (http://localhost:5179/app/node_modules/.vite/deps/chunk-VL3IZ2Q5.js?v=471963db:2405:14)
    at http://localhost:5179/app/node_modules/.vite/deps/chunk-VL3IZ2Q5.js?v=471963db:2072:14
[  201579ms] TypeError: this.setAttribute is not a function
    at http://localhost:5179/app/node_modules/.vite/deps/chunk-VL3IZ2Q5.js?v=471963db:1823:10
    at Selection.each_default [as each] (http://localhost:5179/app/node_modules/.vite/deps/chunk-VL3IZ2Q5.js?v=471963db:1804:38)
    at Selection.attr_default [as attr] (http://localhost:5179/app/node_modules/.vite/deps/chunk-VL3IZ2Q5.js?v=471963db:1851:15)
    at SVGGElement.<anonymous> (http://localhost:5179/app/src/views/BoxLineView.tsx?t=1779228686493:158:50)
    at Dispatch.call (http://localhost:5179/app/node_modules/.vite/deps/chunk-VL3IZ2Q5.js?v=471963db:1410:73)
    at Object.gesture [as mouse] (http://localhost:5179/app/node_modules/.vite/deps/chunk-VL3IZ2Q5.js?v=471963db:2473:17)
    at mousemoved (http://localhost:5179/app/node_modules/.vite/deps/chunk-VL3IZ2Q5.js?v=471963db:2405:14)
    at http://localhost:5179/app/node_modules/.vite/deps/chunk-VL3IZ2Q5.js?v=471963db:2072:14
[  201587ms] TypeError: this.setAttribute is not a function
    at http://localhost:5179/app/node_modules/.vite/deps/chunk-VL3IZ2Q5.js?v=471963db:1823:10
    at Selection.each_default [as each] (http://localhost:5179/app/node_modules/.vite/deps/chunk-VL3IZ2Q5.js?v=471963db:1804:38)
    at Selection.attr_default [as attr] (http://localhost:5179/app/node_modules/.vite/deps/chunk-VL3IZ2Q5.js?v=471963db:1851:15)
    at SVGGElement.<anonymous> (http://localhost:5179/app/src/views/BoxLineView.tsx?t=1779228686493:158:50)
    at Dispatch.call (http://localhost:5179/app/node_modules/.vite/deps/chunk-VL3IZ2Q5.js?v=471963db:1410:73)
    at Object.gesture [as mouse] (http://localhost:5179/app/node_modules/.vite/deps/chunk-VL3IZ2Q5.js?v=471963db:2473:17)
    at mousemoved (http://localhost:5179/app/node_modules/.vite/deps/chunk-VL3IZ2Q5.js?v=471963db:2405:14)
    at http://localhost:5179/app/node_modules/.vite/deps/chunk-VL3IZ2Q5.js?v=471963db:2072:14
[  201595ms] TypeError: this.setAttribute is not a function
    at http://localhost:5179/app/node_modules/.vite/deps/chunk-VL3IZ2Q5.js?v=471963db:1823:10
    at Selection.each_default [as each] (http://localhost:5179/app/node_modules/.vite/deps/chunk-VL3IZ2Q5.js?v=471963db:1804:38)
    at Selection.attr_default [as attr] (http://localhost:5179/app/node_modules/.vite/deps/chunk-VL3IZ2Q5.js?v=471963db:1851:15)
    at SVGGElement.<anonymous> (http://localhost:5179/app/src/views/BoxLineView.tsx?t=1779228686493:158:50)
    at Dispatch.call (http://localhost:5179/app/node_modules/.vite/deps/chunk-VL3IZ2Q5.js?v=471963db:1410:73)
    at Object.gesture [as mouse] (http://localhost:5179/app/node_modules/.vite/deps/chunk-VL3IZ2Q5.js?v=471963db:2473:17)
    at mousemoved (http://localhost:5179/app/node_modules/.vite/deps/chunk-VL3IZ2Q5.js?v=471963db:2405:14)
    at http://localhost:5179/app/node_modules/.vite/deps/chunk-VL3IZ2Q5.js?v=471963db:2072:14
[  201614ms] TypeError: this.setAttribute is not a function
    at http://localhost:5179/app/node_modules/.vite/deps/chunk-VL3IZ2Q5.js?v=471963db:1823:10
    at Selection.each_default [as each] (http://localhost:5179/app/node_modules/.vite/deps/chunk-VL3IZ2Q5.js?v=471963db:1804:38)
    at Selection.attr_default [as attr] (http://localhost:5179/app/node_modules/.vite/deps/chunk-VL3IZ2Q5.js?v=471963db:1851:15)
    at SVGGElement.<anonymous> (http://localhost:5179/app/src/views/BoxLineView.tsx?t=1779228686493:158:50)
    at Dispatch.call (http://localhost:5179/app/node_modules/.vite/deps/chunk-VL3IZ2Q5.js?v=471963db:1410:73)
    at Object.gesture [as mouse] (http://localhost:5179/app/node_modules/.vite/deps/chunk-VL3IZ2Q5.js?v=471963db:2473:17)
    at mousemoved (http://localhost:5179/app/node_modules/.vite/deps/chunk-VL3IZ2Q5.js?v=471963db:2405:14)
    at http://localhost:5179/app/node_modules/.vite/deps/chunk-VL3IZ2Q5.js?v=471963db:2072:14
[  201622ms] TypeError: this.setAttribute is not a function
    at http://localhost:5179/app/node_modules/.vite/deps/chunk-VL3IZ2Q5.js?v=471963db:1823:10
    at Selection.each_default [as each] (http://localhost:5179/app/node_modules/.vite/deps/chunk-VL3IZ2Q5.js?v=471963db:1804:38)
    at Selection.attr_default [as attr] (http://localhost:5179/app/node_modules/.vite/deps/chunk-VL3IZ2Q5.js?v=471963db:1851:15)
    at SVGGElement.<anonymous> (http://localhost:5179/app/src/views/BoxLineView.tsx?t=1779228686493:158:50)
    at Dispatch.call (http://localhost:5179/app/node_modules/.vite/deps/chunk-VL3IZ2Q5.js?v=471963db:1410:73)
    at Object.gesture [as mouse] (http://localhost:5179/app/node_modules/.vite/deps/chunk-VL3IZ2Q5.js?v=471963db:2473:17)
    at mousemoved (http://localhost:5179/app/node_modules/.vite/deps/chunk-VL3IZ2Q5.js?v=471963db:2405:14)
    at http://localhost:5179/app/node_modules/.vite/deps/chunk-VL3IZ2Q5.js?v=471963db:2072:14
[  201636ms] TypeError: this.setAttribute is not a function
    at http://localhost:5179/app/node_modules/.vite/deps/chunk-VL3IZ2Q5.js?v=471963db:1823:10
    at Selection.each_default [as each] (http://localhost:5179/app/node_modules/.vite/deps/chunk-VL3IZ2Q5.js?v=471963db:1804:38)
    at Selection.attr_default [as attr] (http://localhost:5179/app/node_modules/.vite/deps/chunk-VL3IZ2Q5.js?v=471963db:1851:15)
    at SVGGElement.<anonymous> (http://localhost:5179/app/src/views/BoxLineView.tsx?t=1779228686493:158:50)
    at Dispatch.call (http://localhost:5179/app/node_modules/.vite/deps/chunk-VL3IZ2Q5.js?v=471963db:1410:73)
    at Object.gesture [as mouse] (http://localhost:5179/app/node_modules/.vite/deps/chunk-VL3IZ2Q5.js?v=471963db:2473:17)
    at mousemoved (http://localhost:5179/app/node_modules/.vite/deps/chunk-VL3IZ2Q5.js?v=471963db:2405:14)
    at http://localhost:5179/app/node_modules/.vite/deps/chunk-VL3IZ2Q5.js?v=471963db:2072:14
[  201643ms] TypeError: this.setAttribute is not a function
    at http://localhost:5179/app/node_modules/.vite/deps/chunk-VL3IZ2Q5.js?v=471963db:1823:10
    at Selection.each_default [as each] (http://localhost:5179/app/node_modules/.vite/deps/chunk-VL3IZ2Q5.js?v=471963db:1804:38)
    at Selection.attr_default [as attr] (http://localhost:5179/app/node_modules/.vite/deps/chunk-VL3IZ2Q5.js?v=471963db:1851:15)
    at SVGGElement.<anonymous> (http://localhost:5179/app/src/views/BoxLineView.tsx?t=1779228686493:158:50)
    at Dispatch.call (http://localhost:5179/app/node_modules/.vite/deps/chunk-VL3IZ2Q5.js?v=471963db:1410:73)
    at Object.gesture [as mouse] (http://localhost:5179/app/node_modules/.vite/deps/chunk-VL3IZ2Q5.js?v=471963db:2473:17)
    at mousemoved (http://localhost:5179/app/node_modules/.vite/deps/chunk-VL3IZ2Q5.js?v=471963db:2405:14)
    at http://localhost:5179/app/node_modules/.vite/deps/chunk-VL3IZ2Q5.js?v=471963db:2072:14
[  201651ms] TypeError: this.setAttribute is not a function
    at http://localhost:5179/app/node_modules/.vite/deps/chunk-VL3IZ2Q5.js?v=471963db:1823:10
    at Selection.each_default [as each] (http://localhost:5179/app/node_modules/.vite/deps/chunk-VL3IZ2Q5.js?v=471963db:1804:38)
    at Selection.attr_default [as attr] (http://localhost:5179/app/node_modules/.vite/deps/chunk-VL3IZ2Q5.js?v=471963db:1851:15)
    at SVGGElement.<anonymous> (http://localhost:5179/app/src/views/BoxLineView.tsx?t=1779228686493:158:50)
    at Dispatch.call (http://localhost:5179/app/node_modules/.vite/deps/chunk-VL3IZ2Q5.js?v=471963db:1410:73)
    at Object.gesture [as mouse] (http://localhost:5179/app/node_modules/.vite/deps/chunk-VL3IZ2Q5.js?v=471963db:2473:17)
    at mousemoved (http://localhost:5179/app/node_modules/.vite/deps/chunk-VL3IZ2Q5.js?v=471963db:2405:14)
    at http://localhost:5179/app/node_modules/.vite/deps/chunk-VL3IZ2Q5.js?v=471963db:2072:14
[  201659ms] TypeError: this.setAttribute is not a function
    at http://localhost:5179/app/node_modules/.vite/deps/chunk-VL3IZ2Q5.js?v=471963db:1823:10
    at Selection.each_default [as each] (http://localhost:5179/app/node_modules/.vite/deps/chunk-VL3IZ2Q5.js?v=471963db:1804:38)
    at Selection.attr_default [as attr] (http://localhost:5179/app/node_modules/.vite/deps/chunk-VL3IZ2Q5.js?v=471963db:1851:15)
    at SVGGElement.<anonymous> (http://localhost:5179/app/src/views/BoxLineView.tsx?t=1779228686493:158:50)
    at Dispatch.call (http://localhost:5179/app/node_modules/.vite/deps/chunk-VL3IZ2Q5.js?v=471963db:1410:73)
    at Object.gesture [as mouse] (http://localhost:5179/app/node_modules/.vite/deps/chunk-VL3IZ2Q5.js?v=471963db:2473:17)
    at mousemoved (http://localhost:5179/app/node_modules/.vite/deps/chunk-VL3IZ2Q5.js?v=471963db:2405:14)
    at http://localhost:5179/app/node_modules/.vite/deps/chunk-VL3IZ2Q5.js?v=471963db:2072:14
[  201667ms] TypeError: this.setAttribute is not a function
    at http://localhost:5179/app/node_modules/.vite/deps/chunk-VL3IZ2Q5.js?v=471963db:1823:10
    at Selection.each_default [as each] (http://localhost:5179/app/node_modules/.vite/deps/chunk-VL3IZ2Q5.js?v=471963db:1804:38)
    at Selection.attr_default [as attr] (http://localhost:5179/app/node_modules/.vite/deps/chunk-VL3IZ2Q5.js?v=471963db:1851:15)
    at SVGGElement.<anonymous> (http://localhost:5179/app/src/views/BoxLineView.tsx?t=1779228686493:158:50)
    at Dispatch.call (http://localhost:5179/app/node_modules/.vite/deps/chunk-VL3IZ2Q5.js?v=471963db:1410:73)
    at Object.gesture [as mouse] (http://localhost:5179/app/node_modules/.vite/deps/chunk-VL3IZ2Q5.js?v=471963db:2473:17)
    at mousemoved (http://localhost:5179/app/node_modules/.vite/deps/chunk-VL3IZ2Q5.js?v=471963db:2405:14)
    at http://localhost:5179/app/node_modules/.vite/deps/chunk-VL3IZ2Q5.js?v=471963db:2072:14
[  201676ms] TypeError: this.setAttribute is not a function
    at http://localhost:5179/app/node_modules/.vite/deps/chunk-VL3IZ2Q5.js?v=471963db:1823:10
    at Selection.each_default [as each] (http://localhost:5179/app/node_modules/.vite/deps/chunk-VL3IZ2Q5.js?v=471963db:1804:38)
    at Selection.attr_default [as attr] (http://localhost:5179/app/node_modules/.vite/deps/chunk-VL3IZ2Q5.js?v=471963db:1851:15)
    at SVGGElement.<anonymous> (http://localhost:5179/app/src/views/BoxLineView.tsx?t=1779228686493:158:50)
    at Dispatch.call (http://localhost:5179/app/node_modules/.vite/deps/chunk-VL3IZ2Q5.js?v=471963db:1410:73)
    at Object.gesture [as mouse] (http://localhost:5179/app/node_modules/.vite/deps/chunk-VL3IZ2Q5.js?v=471963db:2473:17)
    at mousemoved (http://localhost:5179/app/node_modules/.vite/deps/chunk-VL3IZ2Q5.js?v=471963db:2405:14)
    at http://localhost:5179/app/node_modules/.vite/deps/chunk-VL3IZ2Q5.js?v=471963db:2072:14
[  201683ms] TypeError: this.setAttribute is not a function
    at http://localhost:5179/app/node_modules/.vite/deps/chunk-VL3IZ2Q5.js?v=471963db:1823:10
    at Selection.each_default [as each] (http://localhost:5179/app/node_modules/.vite/deps/chunk-VL3IZ2Q5.js?v=471963db:1804:38)
    at Selection.attr_default [as attr] (http://localhost:5179/app/node_modules/.vite/deps/chunk-VL3IZ2Q5.js?v=471963db:1851:15)
    at SVGGElement.<anonymous> (http://localhost:5179/app/src/views/BoxLineView.tsx?t=1779228686493:158:50)
    at Dispatch.call (http://localhost:5179/app/node_modules/.vite/deps/chunk-VL3IZ2Q5.js?v=471963db:1410:73)
    at Object.gesture [as mouse] (http://localhost:5179/app/node_modules/.vite/deps/chunk-VL3IZ2Q5.js?v=471963db:2473:17)
    at mousemoved (http://localhost:5179/app/node_modules/.vite/deps/chunk-VL3IZ2Q5.js?v=471963db:2405:14)
    at http://localhost:5179/app/node_modules/.vite/deps/chunk-VL3IZ2Q5.js?v=471963db:2072:14
[  201691ms] TypeError: this.setAttribute is not a function
    at http://localhost:5179/app/node_modules/.vite/deps/chunk-VL3IZ2Q5.js?v=471963db:1823:10
    at Selection.each_default [as each] (http://localhost:5179/app/node_modules/.vite/deps/chunk-VL3IZ2Q5.js?v=471963db:1804:38)
    at Selection.attr_default [as attr] (http://localhost:5179/app/node_modules/.vite/deps/chunk-VL3IZ2Q5.js?v=471963db:1851:15)
    at SVGGElement.<anonymous> (http://localhost:5179/app/src/views/BoxLineView.tsx?t=1779228686493:158:50)
    at Dispatch.call (http://localhost:5179/app/node_modules/.vite/deps/chunk-VL3IZ2Q5.js?v=471963db:1410:73)
    at Object.gesture [as mouse] (http://localhost:5179/app/node_modules/.vite/deps/chunk-VL3IZ2Q5.js?v=471963db:2473:17)
    at mousemoved (http://localhost:5179/app/node_modules/.vite/deps/chunk-VL3IZ2Q5.js?v=471963db:2405:14)
    at http://localhost:5179/app/node_modules/.vite/deps/chunk-VL3IZ2Q5.js?v=471963db:2072:14
[  201700ms] TypeError: this.setAttribute is not a function
    at http://localhost:5179/app/node_modules/.vite/deps/chunk-VL3IZ2Q5.js?v=471963db:1823:10
    at Selection.each_default [as each] (http://localhost:5179/app/node_modules/.vite/deps/chunk-VL3IZ2Q5.js?v=471963db:1804:38)
    at Selection.attr_default [as attr] (http://localhost:5179/app/node_modules/.vite/deps/chunk-VL3IZ2Q5.js?v=471963db:1851:15)
    at SVGGElement.<anonymous> (http://localhost:5179/app/src/views/BoxLineView.tsx?t=1779228686493:158:50)
    at Dispatch.call (http://localhost:5179/app/node_modules/.vite/deps/chunk-VL3IZ2Q5.js?v=471963db:1410:73)
    at Object.gesture [as mouse] (http://localhost:5179/app/node_modules/.vite/deps/chunk-VL3IZ2Q5.js?v=471963db:2473:17)
    at mousemoved (http://localhost:5179/app/node_modules/.vite/deps/chunk-VL3IZ2Q5.js?v=471963db:2405:14)
    at http://localhost:5179/app/node_modules/.vite/deps/chunk-VL3IZ2Q5.js?v=471963db:2072:14
[  201775ms] TypeError: this.setAttribute is not a function
    at http://localhost:5179/app/node_modules/.vite/deps/chunk-VL3IZ2Q5.js?v=471963db:1823:10
    at Selection.each_default [as each] (http://localhost:5179/app/node_modules/.vite/deps/chunk-VL3IZ2Q5.js?v=471963db:1804:38)
    at Selection.attr_default [as attr] (http://localhost:5179/app/node_modules/.vite/deps/chunk-VL3IZ2Q5.js?v=471963db:1851:15)
    at SVGGElement.<anonymous> (http://localhost:5179/app/src/views/BoxLineView.tsx?t=1779228686493:158:50)
    at Dispatch.call (http://localhost:5179/app/node_modules/.vite/deps/chunk-VL3IZ2Q5.js?v=471963db:1410:73)
    at Object.gesture [as mouse] (http://localhost:5179/app/node_modules/.vite/deps/chunk-VL3IZ2Q5.js?v=471963db:2473:17)
    at mousemoved (http://localhost:5179/app/node_modules/.vite/deps/chunk-VL3IZ2Q5.js?v=471963db:2405:14)
    at http://localhost:5179/app/node_modules/.vite/deps/chunk-VL3IZ2Q5.js?v=471963db:2072:14
[  201783ms] TypeError: this.setAttribute is not a function
    at http://localhost:5179/app/node_modules/.vite/deps/chunk-VL3IZ2Q5.js?v=471963db:1823:10
    at Selection.each_default [as each] (http://localhost:5179/app/node_modules/.vite/deps/chunk-VL3IZ2Q5.js?v=471963db:1804:38)
    at Selection.attr_default [as attr] (http://localhost:5179/app/node_modules/.vite/deps/chunk-VL3IZ2Q5.js?v=471963db:1851:15)
    at SVGGElement.<anonymous> (http://localhost:5179/app/src/views/BoxLineView.tsx?t=1779228686493:158:50)
    at Dispatch.call (http://localhost:5179/app/node_modules/.vite/deps/chunk-VL3IZ2Q5.js?v=471963db:1410:73)
    at Object.gesture [as mouse] (http://localhost:5179/app/node_modules/.vite/deps/chunk-VL3IZ2Q5.js?v=471963db:2473:17)
    at mousemoved (http://localhost:5179/app/node_modules/.vite/deps/chunk-VL3IZ2Q5.js?v=471963db:2405:14)
    at http://localhost:5179/app/node_modules/.vite/deps/chunk-VL3IZ2Q5.js?v=471963db:2072:14
[  249393ms] [INFO] %cDownload the React DevTools for a better development experience: https://react.dev/link/react-devtools font-weight:bold @ http://localhost:5179/app/node_modules/.vite/deps/react-dom_client.js?v=471963db:20102
[  306859ms] [INFO] %cDownload the React DevTools for a better development experience: https://react.dev/link/react-devtools font-weight:bold @ http://localhost:5179/app/node_modules/.vite/deps/react-dom_client.js?v=471963db:20102
[  388450ms] [INFO] %cDownload the React DevTools for a better development experience: https://react.dev/link/react-devtools font-weight:bold @ http://localhost:5179/app/node_modules/.vite/deps/react-dom_client.js?v=471963db:20102
[  425194ms] [INFO] %cDownload the React DevTools for a better development experience: https://react.dev/link/react-devtools font-weight:bold @ http://localhost:5179/app/node_modules/.vite/deps/react-dom_client.js?v=471963db:20102
[  455753ms] [INFO] %cDownload the React DevTools for a better development experience: https://react.dev/link/react-devtools font-weight:bold @ http://localhost:5179/app/node_modules/.vite/deps/react-dom_client.js?v=471963db:20102
[  458861ms] [INFO] %cDownload the React DevTools for a better development experience: https://react.dev/link/react-devtools font-weight:bold @ http://localhost:5179/app/node_modules/.vite/deps/react-dom_client.js?v=471963db:20102
[  464713ms] [INFO] %cDownload the React DevTools for a better development experience: https://react.dev/link/react-devtools font-weight:bold @ http://localhost:5179/app/node_modules/.vite/deps/react-dom_client.js?v=471963db:20102
