[      53ms] [INFO] %cDownload the React DevTools for a better development experience: https://react.dev/link/react-devtools font-weight:bold @ http://localhost:5181/app/node_modules/.vite/deps/react-dom_client.js?v=471963db:20102
[  152511ms] [INFO] %cDownload the React DevTools for a better development experience: https://react.dev/link/react-devtools font-weight:bold @ http://localhost:5181/app/node_modules/.vite/deps/react-dom_client.js?v=471963db:20102
[  179729ms] [INFO] %cDownload the React DevTools for a better development experience: https://react.dev/link/react-devtools font-weight:bold @ http://localhost:5181/app/node_modules/.vite/deps/react-dom_client.js?v=471963db:20102
[  341148ms] ReferenceError: onRateUnitChange is not defined
    at TargetPicker (http://localhost:5181/app/src/views/TargetPicker.tsx?t=1779308480192:115:9)
    at Object.react_stack_bottom_frame (http://localhost:5181/app/node_modules/.vite/deps/react-dom_client.js?v=471963db:18509:20)
    at renderWithHooks (http://localhost:5181/app/node_modules/.vite/deps/react-dom_client.js?v=471963db:5654:24)
    at updateFunctionComponent (http://localhost:5181/app/node_modules/.vite/deps/react-dom_client.js?v=471963db:7475:21)
    at beginWork (http://localhost:5181/app/node_modules/.vite/deps/react-dom_client.js?v=471963db:8525:20)
    at runWithFiberInDEV (http://localhost:5181/app/node_modules/.vite/deps/react-dom_client.js?v=471963db:997:72)
    at performUnitOfWork (http://localhost:5181/app/node_modules/.vite/deps/react-dom_client.js?v=471963db:12561:98)
    at workLoopSync (http://localhost:5181/app/node_modules/.vite/deps/react-dom_client.js?v=471963db:12424:43)
    at renderRootSync (http://localhost:5181/app/node_modules/.vite/deps/react-dom_client.js?v=471963db:12408:13)
    at performWorkOnRoot (http://localhost:5181/app/node_modules/.vite/deps/react-dom_client.js?v=471963db:11827:37)
[  341149ms] [WARNING] %s

%s
 An error occurred in the <TargetPicker> component. Consider adding an error boundary to your tree to customize error handling behavior.
Visit https://react.dev/link/error-boundaries to learn more about error boundaries. @ http://localhost:5181/app/node_modules/.vite/deps/react-dom_client.js?v=471963db:6965
[  349287ms] ReferenceError: onRateUnitChange is not defined
    at TargetPicker (http://localhost:5181/app/src/views/TargetPicker.tsx?t=1779308488323:115:9)
    at Object.react_stack_bottom_frame (http://localhost:5181/app/node_modules/.vite/deps/react-dom_client.js?v=471963db:18509:20)
    at renderWithHooks (http://localhost:5181/app/node_modules/.vite/deps/react-dom_client.js?v=471963db:5654:24)
    at updateFunctionComponent (http://localhost:5181/app/node_modules/.vite/deps/react-dom_client.js?v=471963db:7475:21)
    at beginWork (http://localhost:5181/app/node_modules/.vite/deps/react-dom_client.js?v=471963db:8525:20)
    at runWithFiberInDEV (http://localhost:5181/app/node_modules/.vite/deps/react-dom_client.js?v=471963db:997:72)
    at performUnitOfWork (http://localhost:5181/app/node_modules/.vite/deps/react-dom_client.js?v=471963db:12561:98)
    at workLoopSync (http://localhost:5181/app/node_modules/.vite/deps/react-dom_client.js?v=471963db:12424:43)
    at renderRootSync (http://localhost:5181/app/node_modules/.vite/deps/react-dom_client.js?v=471963db:12408:13)
    at performWorkOnRoot (http://localhost:5181/app/node_modules/.vite/deps/react-dom_client.js?v=471963db:11827:37)
[  349287ms] [WARNING] %s

%s
 An error occurred in the <TargetPicker> component. Consider adding an error boundary to your tree to customize error handling behavior.
Visit https://react.dev/link/error-boundaries to learn more about error boundaries. @ http://localhost:5181/app/node_modules/.vite/deps/react-dom_client.js?v=471963db:6965
[  365428ms] ReferenceError: onRateUnitChange is not defined
    at TargetPicker (http://localhost:5181/app/src/views/TargetPicker.tsx?t=1779308504459:120:9)
    at Object.react_stack_bottom_frame (http://localhost:5181/app/node_modules/.vite/deps/react-dom_client.js?v=471963db:18509:20)
    at renderWithHooks (http://localhost:5181/app/node_modules/.vite/deps/react-dom_client.js?v=471963db:5654:24)
    at updateFunctionComponent (http://localhost:5181/app/node_modules/.vite/deps/react-dom_client.js?v=471963db:7475:21)
    at beginWork (http://localhost:5181/app/node_modules/.vite/deps/react-dom_client.js?v=471963db:8525:20)
    at runWithFiberInDEV (http://localhost:5181/app/node_modules/.vite/deps/react-dom_client.js?v=471963db:997:72)
    at performUnitOfWork (http://localhost:5181/app/node_modules/.vite/deps/react-dom_client.js?v=471963db:12561:98)
    at workLoopSync (http://localhost:5181/app/node_modules/.vite/deps/react-dom_client.js?v=471963db:12424:43)
    at renderRootSync (http://localhost:5181/app/node_modules/.vite/deps/react-dom_client.js?v=471963db:12408:13)
    at performWorkOnRoot (http://localhost:5181/app/node_modules/.vite/deps/react-dom_client.js?v=471963db:11827:37)
[  365428ms] [WARNING] %s

%s
 An error occurred in the <TargetPicker> component. Consider adding an error boundary to your tree to customize error handling behavior.
Visit https://react.dev/link/error-boundaries to learn more about error boundaries. @ http://localhost:5181/app/node_modules/.vite/deps/react-dom_client.js?v=471963db:6965
