[      81ms] [INFO] %cDownload the React DevTools for a better development experience: https://react.dev/link/react-devtools font-weight:bold @ http://localhost:5179/app/node_modules/.vite/deps/react-dom_client.js?v=471963db:20102
[  160656ms] ReferenceError: AMBER is not defined
    at HudStrip (http://localhost:5179/app/src/components/HudStrip.tsx?t=1779245769015:69:12)
    at Object.react_stack_bottom_frame (http://localhost:5179/app/node_modules/.vite/deps/react-dom_client.js?v=471963db:18509:20)
    at renderWithHooks (http://localhost:5179/app/node_modules/.vite/deps/react-dom_client.js?v=471963db:5654:24)
    at updateFunctionComponent (http://localhost:5179/app/node_modules/.vite/deps/react-dom_client.js?v=471963db:7475:21)
    at beginWork (http://localhost:5179/app/node_modules/.vite/deps/react-dom_client.js?v=471963db:8525:20)
    at runWithFiberInDEV (http://localhost:5179/app/node_modules/.vite/deps/react-dom_client.js?v=471963db:997:72)
    at performUnitOfWork (http://localhost:5179/app/node_modules/.vite/deps/react-dom_client.js?v=471963db:12561:98)
    at workLoopSync (http://localhost:5179/app/node_modules/.vite/deps/react-dom_client.js?v=471963db:12424:43)
    at renderRootSync (http://localhost:5179/app/node_modules/.vite/deps/react-dom_client.js?v=471963db:12408:13)
    at performWorkOnRoot (http://localhost:5179/app/node_modules/.vite/deps/react-dom_client.js?v=471963db:11827:37)
[  160657ms] [WARNING] %s

%s
 An error occurred in the <HudStrip> component. Consider adding an error boundary to your tree to customize error handling behavior.
Visit https://react.dev/link/error-boundaries to learn more about error boundaries. @ http://localhost:5179/app/node_modules/.vite/deps/react-dom_client.js?v=471963db:6965
[  165532ms] ReferenceError: AMBER is not defined
    at HudStrip (http://localhost:5179/app/src/components/HudStrip.tsx?t=1779245773890:69:12)
    at Object.react_stack_bottom_frame (http://localhost:5179/app/node_modules/.vite/deps/react-dom_client.js?v=471963db:18509:20)
    at renderWithHooks (http://localhost:5179/app/node_modules/.vite/deps/react-dom_client.js?v=471963db:5654:24)
    at updateFunctionComponent (http://localhost:5179/app/node_modules/.vite/deps/react-dom_client.js?v=471963db:7475:21)
    at beginWork (http://localhost:5179/app/node_modules/.vite/deps/react-dom_client.js?v=471963db:8525:20)
    at runWithFiberInDEV (http://localhost:5179/app/node_modules/.vite/deps/react-dom_client.js?v=471963db:997:72)
    at performUnitOfWork (http://localhost:5179/app/node_modules/.vite/deps/react-dom_client.js?v=471963db:12561:98)
    at workLoopSync (http://localhost:5179/app/node_modules/.vite/deps/react-dom_client.js?v=471963db:12424:43)
    at renderRootSync (http://localhost:5179/app/node_modules/.vite/deps/react-dom_client.js?v=471963db:12408:13)
    at performWorkOnRoot (http://localhost:5179/app/node_modules/.vite/deps/react-dom_client.js?v=471963db:11827:37)
[  165533ms] [WARNING] %s

%s
 An error occurred in the <HudStrip> component. Consider adding an error boundary to your tree to customize error handling behavior.
Visit https://react.dev/link/error-boundaries to learn more about error boundaries. @ http://localhost:5179/app/node_modules/.vite/deps/react-dom_client.js?v=471963db:6965
[  178961ms] [INFO] %cDownload the React DevTools for a better development experience: https://react.dev/link/react-devtools font-weight:bold @ http://localhost:5179/app/node_modules/.vite/deps/react-dom_client.js?v=471963db:20102
