[      47ms] [INFO] %cDownload the React DevTools for a better development experience: https://react.dev/link/react-devtools font-weight:bold @ http://localhost:5181/app/node_modules/.vite/deps/react-dom_client.js?v=471963db:20102
[  102780ms] [INFO] %cDownload the React DevTools for a better development experience: https://react.dev/link/react-devtools font-weight:bold @ http://localhost:5181/app/node_modules/.vite/deps/react-dom_client.js?v=471963db:20102
[  145741ms] [INFO] %cDownload the React DevTools for a better development experience: https://react.dev/link/react-devtools font-weight:bold @ http://localhost:5181/app/node_modules/.vite/deps/react-dom_client.js?v=471963db:20102
[  220939ms] [ERROR] The final argument passed to %s changed size between renders. The order and size of this array must remain constant.

Previous: %s
Incoming: %s useEffect [[object Object], , [object Set], 18, false] [[object Object], , [object Set], 18, false, yellow] @ http://localhost:5181/app/node_modules/.vite/deps/react-dom_client.js?v=471963db:5627
[  363735ms] [INFO] %cDownload the React DevTools for a better development experience: https://react.dev/link/react-devtools font-weight:bold @ http://localhost:5181/app/node_modules/.vite/deps/react-dom_client.js?v=471963db:20102
[ 1266661ms] [ERROR] The final argument passed to %s changed size between renders. The order and size of this array must remain constant.

Previous: %s
Incoming: %s useEffect [[object Object]] [[object Object], sec] @ http://localhost:5181/app/node_modules/.vite/deps/react-dom_client.js?v=471963db:5627
[ 1412144ms] [ERROR] The final argument passed to %s changed size between renders. The order and size of this array must remain constant.

Previous: %s
Incoming: %s useEffect [[object Object], , [object Set], 18, false, yellow] [[object Object], , [object Set], 18, false, yellow, sec] @ http://localhost:5181/app/node_modules/.vite/deps/react-dom_client.js?v=471963db:5627
[ 1535162ms] ReferenceError: BELT_TIER_LABELS is not defined
    at SchematicView (http://localhost:5181/app/src/views/SchematicView.tsx?t=1779302509462:146:35)
    at Object.react_stack_bottom_frame (http://localhost:5181/app/node_modules/.vite/deps/react-dom_client.js?v=471963db:18509:20)
    at renderWithHooks (http://localhost:5181/app/node_modules/.vite/deps/react-dom_client.js?v=471963db:5654:24)
    at updateFunctionComponent (http://localhost:5181/app/node_modules/.vite/deps/react-dom_client.js?v=471963db:7475:21)
    at beginWork (http://localhost:5181/app/node_modules/.vite/deps/react-dom_client.js?v=471963db:8525:20)
    at runWithFiberInDEV (http://localhost:5181/app/node_modules/.vite/deps/react-dom_client.js?v=471963db:997:72)
    at performUnitOfWork (http://localhost:5181/app/node_modules/.vite/deps/react-dom_client.js?v=471963db:12561:98)
    at workLoopSync (http://localhost:5181/app/node_modules/.vite/deps/react-dom_client.js?v=471963db:12424:43)
    at renderRootSync (http://localhost:5181/app/node_modules/.vite/deps/react-dom_client.js?v=471963db:12408:13)
    at performWorkOnRoot (http://localhost:5181/app/node_modules/.vite/deps/react-dom_client.js?v=471963db:11827:37)
[ 1535163ms] [WARNING] %s

%s
 An error occurred in the <SchematicView> component. Consider adding an error boundary to your tree to customize error handling behavior.
Visit https://react.dev/link/error-boundaries to learn more about error boundaries. @ http://localhost:5181/app/node_modules/.vite/deps/react-dom_client.js?v=471963db:6965
