[      56ms] [INFO] %cDownload the React DevTools for a better development experience: https://react.dev/link/react-devtools font-weight:bold @ http://localhost:5179/app/node_modules/.vite/deps/react-dom_client.js?v=c76d7741:20102
[  458588ms] [ERROR] Error: <rect> attribute x: Expected length, "NaN". @ http://localhost:5179/app/node_modules/.vite/deps/d3.js?v=96c6ff07:1836
[  458588ms] [ERROR] Error: <rect> attribute y: Expected length, "NaN". @ http://localhost:5179/app/node_modules/.vite/deps/d3.js?v=96c6ff07:1836
[  458588ms] [ERROR] Error: <rect> attribute width: Expected length, "NaN". @ http://localhost:5179/app/node_modules/.vite/deps/d3.js?v=96c6ff07:1836
[  458588ms] [ERROR] Error: <rect> attribute height: Expected length, "NaN". @ http://localhost:5179/app/node_modules/.vite/deps/d3.js?v=96c6ff07:1836
[  458588ms] [ERROR] Error: <text> attribute x: Expected length, "NaN". @ http://localhost:5179/app/node_modules/.vite/deps/d3.js?v=96c6ff07:1836
[  458588ms] [ERROR] Error: <text> attribute y: Expected length, "NaN". @ http://localhost:5179/app/node_modules/.vite/deps/d3.js?v=96c6ff07:1836
[  468978ms] TypeError: Cannot read properties of undefined (reading 'map')
    at TargetPicker (http://localhost:5179/app/src/views/TargetPicker.tsx?t=1779220502256:61:88)
    at Object.react_stack_bottom_frame (http://localhost:5179/app/node_modules/.vite/deps/react-dom_client.js?v=c76d7741:18509:20)
    at renderWithHooks (http://localhost:5179/app/node_modules/.vite/deps/react-dom_client.js?v=c76d7741:5654:24)
    at updateFunctionComponent (http://localhost:5179/app/node_modules/.vite/deps/react-dom_client.js?v=c76d7741:7475:21)
    at beginWork (http://localhost:5179/app/node_modules/.vite/deps/react-dom_client.js?v=c76d7741:8525:20)
    at runWithFiberInDEV (http://localhost:5179/app/node_modules/.vite/deps/react-dom_client.js?v=c76d7741:997:72)
    at performUnitOfWork (http://localhost:5179/app/node_modules/.vite/deps/react-dom_client.js?v=c76d7741:12561:98)
    at workLoopSync (http://localhost:5179/app/node_modules/.vite/deps/react-dom_client.js?v=c76d7741:12424:43)
    at renderRootSync (http://localhost:5179/app/node_modules/.vite/deps/react-dom_client.js?v=c76d7741:12408:13)
    at performWorkOnRoot (http://localhost:5179/app/node_modules/.vite/deps/react-dom_client.js?v=c76d7741:11827:37)
[  468978ms] [WARNING] %s

%s
 An error occurred in the <TargetPicker> component. Consider adding an error boundary to your tree to customize error handling behavior.
Visit https://react.dev/link/error-boundaries to learn more about error boundaries. @ http://localhost:5179/app/node_modules/.vite/deps/react-dom_client.js?v=c76d7741:6965
[  538311ms] [INFO] %cDownload the React DevTools for a better development experience: https://react.dev/link/react-devtools font-weight:bold @ http://localhost:5179/app/node_modules/.vite/deps/react-dom_client.js?v=c76d7741:20102
[  553614ms] [INFO] %cDownload the React DevTools for a better development experience: https://react.dev/link/react-devtools font-weight:bold @ http://localhost:5179/app/node_modules/.vite/deps/react-dom_client.js?v=c76d7741:20102
[  559173ms] [INFO] %cDownload the React DevTools for a better development experience: https://react.dev/link/react-devtools font-weight:bold @ http://localhost:5179/app/node_modules/.vite/deps/react-dom_client.js?v=c76d7741:20102
[ 7854275ms] [INFO] %cDownload the React DevTools for a better development experience: https://react.dev/link/react-devtools font-weight:bold @ http://localhost:5179/app/node_modules/.vite/deps/react-dom_client.js?v=c76d7741:20102
[ 7902807ms] [INFO] %cDownload the React DevTools for a better development experience: https://react.dev/link/react-devtools font-weight:bold @ http://localhost:5179/app/node_modules/.vite/deps/react-dom_client.js?v=c76d7741:20102
[ 7916386ms] [INFO] %cDownload the React DevTools for a better development experience: https://react.dev/link/react-devtools font-weight:bold @ http://localhost:5179/app/node_modules/.vite/deps/react-dom_client.js?v=c76d7741:20102
[ 7919988ms] [INFO] %cDownload the React DevTools for a better development experience: https://react.dev/link/react-devtools font-weight:bold @ http://localhost:5179/app/node_modules/.vite/deps/react-dom_client.js?v=c76d7741:20102
[ 7922005ms] [ERROR] Failed to load resource: the server responded with a status of 500 (Internal Server Error) @ http://localhost:5179/app/src/main.tsx:0
[ 8041119ms] [ERROR] Failed to load resource: the server responded with a status of 500 (Internal Server Error) @ http://localhost:5179/app/src/main.tsx:0
[ 8047240ms] [ERROR] Failed to load resource: the server responded with a status of 500 (Internal Server Error) @ http://localhost:5179/app/src/main.tsx:0
[ 8049635ms] [ERROR] Failed to load resource: the server responded with a status of 500 (Internal Server Error) @ http://localhost:5179/app/src/main.tsx:0
[ 8050460ms] [ERROR] Failed to load resource: the server responded with a status of 500 (Internal Server Error) @ http://localhost:5179/app/src/main.tsx:0
[ 8051443ms] [ERROR] Failed to load resource: the server responded with a status of 500 (Internal Server Error) @ http://localhost:5179/app/src/main.tsx:0
[ 8063180ms] [ERROR] Failed to load resource: the server responded with a status of 500 (Internal Server Error) @ http://localhost:5179/app/src/main.tsx:0
[ 8067170ms] [ERROR] Failed to load resource: the server responded with a status of 500 (Internal Server Error) @ http://localhost:5179/app/src/main.tsx:0
[ 8072780ms] [ERROR] Failed to load resource: the server responded with a status of 500 (Internal Server Error) @ http://localhost:5179/app/src/main.tsx:0
[ 8076048ms] [ERROR] Failed to load resource: the server responded with a status of 500 (Internal Server Error) @ http://localhost:5179/app/src/main.tsx:0
[ 8083871ms] [ERROR] Failed to load resource: the server responded with a status of 500 (Internal Server Error) @ http://localhost:5179/app/src/main.tsx:0
[ 8126241ms] [ERROR] Failed to load resource: the server responded with a status of 500 (Internal Server Error) @ http://localhost:5179/app/src/main.tsx:0
[ 8126497ms] [ERROR] Failed to load resource: the server responded with a status of 500 (Internal Server Error) @ http://localhost:5179/app/src/main.tsx:0
[ 8147864ms] [INFO] %cDownload the React DevTools for a better development experience: https://react.dev/link/react-devtools font-weight:bold @ http://localhost:5179/app/node_modules/.vite/deps/react-dom_client.js?v=e880f813:20102
[ 8149490ms] [INFO] %cDownload the React DevTools for a better development experience: https://react.dev/link/react-devtools font-weight:bold @ http://localhost:5179/app/node_modules/.vite/deps/react-dom_client.js?v=e880f813:20102
